Log file open, 10/06/22 09:21:52
LogD3D11RHI: Loaded GFSDK_Aftermath_Lib.x64.dll
LogInit: Using libcurl 7.55.1-DEV
LogInit:  - built for x86_64-pc-win32
LogInit:  - supports SSL with OpenSSL/1.1.1
LogInit:  - supports HTTP deflate (compression) using libz 1.2.8
LogInit:  - other features:
LogInit:      CURL_VERSION_SSL
LogInit:      CURL_VERSION_LIBZ
LogInit:      CURL_VERSION_IPV6
LogInit:      CURL_VERSION_ASYNCHDNS
LogInit:      CURL_VERSION_LARGEFILE
LogInit:      CURL_VERSION_IDN
LogInit:  CurlRequestOptions (configurable via config and command line):
LogInit:  - bVerifyPeer = true  - Libcurl will verify peer certificate
LogInit:  - bUseHttpProxy = false  - Libcurl will NOT use HTTP proxy
LogInit:  - bDontReuseConnections = false  - Libcurl will reuse connections
LogInit:  - MaxHostConnections = 16  - Libcurl will limit the number of connections to a host
LogInit:  - LocalHostAddr = Default
LogInit:  - BufferSize = 65536
LogInit: WinSock: version 1.1 (2.2), MaxSocks=32767, MaxUdp=65467
LogInit: Build: ++UE4+Release-4.26-CL-0
LogInit: Engine Version: 4.26.2-0+++UE4+Release-4.26
LogInit: Compatible Engine Version: 4.26.0-0+++UE4+Release-4.26
LogInit: Net CL: 0
LogInit: OS: Windows 10 (Release 21H2) (), CPU: Intel(R) Core(TM) i7-6500U CPU @ 2.50GHz, GPU: Intel(R) HD Graphics 520
LogInit: Compiled (64-bit): May  9 2022 13:02:31
LogInit: Compiled with Visual C++: 19.29.30038.01
LogInit: Build Configuration: Shipping
LogInit: Branch Name: ++UE4+Release-4.26
LogInit: Command Line:  -ENV=Prod -LAUNCHER_VERSION="2.2.36.0 (ce0fc589)"
LogInit: Base Directory: C:/ProgramData/Manticore Games/Core/Platform/Binaries/Win64/
LogInit: Allocator: binned2
LogInit: Installed Engine Build: 1
LogInit: Presizing for max 2097152 objects, including 1 objects not considered by GC, pre-allocating 0 bytes for permanent pool.
LogInit: Object subsystem initialized
[2022.10.06-02.21.54:962][  0]LogInit: Selected Device Profile: [WindowsNoEditor]
[2022.10.06-02.21.54:962][  0]LogInit: Applying CVar settings loaded from the selected device profile: [WindowsNoEditor]
[2022.10.06-02.21.54:962][  0]LogInit: Going up to parent DeviceProfile [Windows]
[2022.10.06-02.21.54:962][  0]LogInit: Going up to parent DeviceProfile []
[2022.10.06-02.21.54:976][  0]LogInit: CPU Page size=4096, Cores=2
[2022.10.06-02.21.54:976][  0]LogInit: High frequency timer resolution =10.000000 MHz
[2022.10.06-02.21.54:976][  0]LogMemory: Platform Memory Stats for WindowsNoEditor
[2022.10.06-02.21.54:976][  0]LogMemory: Process Physical Memory: 104.39 MB used, 104.39 MB peak
[2022.10.06-02.21.54:976][  0]LogMemory: Process Virtual Memory: 108.89 MB used, 108.89 MB peak
[2022.10.06-02.21.54:976][  0]LogMemory: Physical Memory: 10196.01 MB used,  6043.37 MB free, 16239.38 MB total
[2022.10.06-02.21.54:976][  0]LogMemory: Virtual Memory: 134211872.00 MB used,  5859.75 MB free, 134217728.00 MB total
[2022.10.06-02.21.55:146][  0]LogInit: Physics initialised using underlying interface: PhysX
[2022.10.06-02.21.55:152][  0]LogInit: Using OS detected language (en-US).
[2022.10.06-02.21.55:152][  0]LogInit: Using OS detected locale (en-US).
[2022.10.06-02.21.55:224][  0]LogInit: Setting process to per monitor DPI aware
[2022.10.06-02.21.55:446][  0]LogD3D11RHI: D3D11 min allowed feature level: 11_0
[2022.10.06-02.21.55:446][  0]LogD3D11RHI: D3D11 max allowed feature level: 11_0
[2022.10.06-02.21.55:446][  0]LogD3D11RHI: D3D11 adapters:
[2022.10.06-02.21.56:597][  0]LogD3D11RHI:    0. 'NVIDIA Quadro M500M' (Feature Level 11_0)
[2022.10.06-02.21.56:597][  0]LogD3D11RHI:       2010/0/8119 MB DedicatedVideo/DedicatedSystem/SharedSystem, Outputs:1, VendorId:0x10de
[2022.10.06-02.21.56:748][  0]LogD3D11RHI:    1. 'Intel(R) HD Graphics 520' (Feature Level 11_0)
[2022.10.06-02.21.56:748][  0]LogD3D11RHI:       128/0/8119 MB DedicatedVideo/DedicatedSystem/SharedSystem, Outputs:0, VendorId:0x8086
[2022.10.06-02.21.56:755][  0]LogD3D11RHI:    2. 'Microsoft Basic Render Driver' (Feature Level 11_0)
[2022.10.06-02.21.56:755][  0]LogD3D11RHI:       0/0/8119 MB DedicatedVideo/DedicatedSystem/SharedSystem, Outputs:0, VendorId:0x1414
[2022.10.06-02.21.56:755][  0]LogD3D11RHI: Chosen D3D11 Adapter: 0
[2022.10.06-02.21.56:771][  0]LogD3D11RHI: Creating new Direct3DDevice
[2022.10.06-02.21.56:772][  0]LogD3D11RHI:     GPU DeviceId: 0x137a (for the marketing name, search the web for "GPU Device Id")
[2022.10.06-02.21.56:777][  0]LogD3D11RHI:     Adapter Name: NVIDIA Quadro M500M
[2022.10.06-02.21.56:777][  0]LogD3D11RHI:   Driver Version: Unknown (internal:Unknown, unified:Unknown)
[2022.10.06-02.21.56:777][  0]LogD3D11RHI:      Driver Date: Unknown
[2022.10.06-02.21.56:777][  0]LogRHI: Texture pool is 1407 MB (70% of 2010 MB)
[2022.10.06-02.21.56:963][  0]LogD3D11RHI: RHI has support for 64 bit atomics
[2022.10.06-02.21.56:964][  0]LogD3D11RHI: Async texture creation enabled
[2022.10.06-02.21.57:006][  0]LogD3D11RHI: GPU Timing Frequency: 1000.000000 (Debug: 2 0)
[2022.10.06-02.21.57:016][  0]LogRHI: GeForceNow SDK initialized: 1
[2022.10.06-02.21.57:434][  0]LogInit: Using OS detected language (en-US).
[2022.10.06-02.21.57:435][  0]LogInit: Using OS detected locale (en-US).
[2022.10.06-02.21.58:491][  0]LogInit: Selected Device Profile: [WindowsNoEditor]
[2022.10.06-02.21.58:492][  0]LogInit: Active device profile: [000001B85C33A6C0][000001B85B92A300 49] WindowsNoEditor
[2022.10.06-02.21.58:492][  0]LogInit: Profiles: [000001B85C33A600][000001B85B92BA40 49] Windows, [000001B85C33A6C0][000001B85B92A300 49] WindowsNoEditor, 
[2022.10.06-02.21.58:571][  0]LogNetVersion: Platform 1.0.0, NetCL: 0, EngineNetVer: 16, GameNetVer: 0 (Checksum: 3370718275)
[2022.10.06-02.21.59:322][  0]PlatformStorage: Migrating GlobalInputOverrides
[2022.10.06-02.21.59:544][  0]PlatformStorage: Verbose: Reading ../../../Platform/Config/ directory structure took 32.452700ms
[2022.10.06-02.21.59:544][  0]PlatformStorage: Verbose: Lambda: OnComplete took 0.010700ms
[2022.10.06-02.21.59:544][  0]PlatformStorage: Verbose: Lambda: OnComplete took 0.006100ms
[2022.10.06-02.21.59:596][  0]LogEngine: Initializing Engine...
[2022.10.06-02.22.00:110][  0]LogInit: Initializing FReadOnlyCVARCache
[2022.10.06-02.22.00:457][  0]LogInit: FAudioDevice initialized.
[2022.10.06-02.22.00:459][  0]LogNetVersion: Set ProjectVersion to 1.0.0.0. Version Checksum will be recalculated on next use.
[2022.10.06-02.22.00:459][  0]LogInit: Texture streaming: Enabled
[2022.10.06-02.22.01:821][  0]PlatformVoiceChat: Finished creating VoiceClient.
[2022.10.06-02.22.01:855][  0]PlatformVoiceChat: VoiceClient initialized.
[2022.10.06-02.22.01:855][  0]PlatformInit: Display: Platform Build Version: 1.0.267-prod-s
[2022.10.06-02.22.02:302][  0]LogInit: Display: Game Engine Initialized.
[2022.10.06-02.22.02:318][  0]LogInit: Display: Starting Game.
[2022.10.06-02.22.02:318][  0]LogNet: Browse: /Game/Levels/Main?Name=Player
[2022.10.06-02.22.02:571][  0]LogLoad: LoadMap: /Game/Levels/Main?Name=Player
[2022.10.06-02.22.02:571][  0]LogWorld: BeginTearingDown for /Temp/Untitled_20
[2022.10.06-02.22.02:573][  0]LogWorld: UWorld::CleanupWorld for Untitled, bSessionEnded=true, bCleanupResources=true
[2022.10.06-02.22.02:916][  0]LogLoad: Game class is 'bp_MainGameMode_C'
[2022.10.06-02.22.02:917][  0]LogWorld: Bringing World /Game/Levels/Main.Main up for play (max tick rate 30) at 2022.10.06-09.22.02
[2022.10.06-02.22.02:917][  0]LogWorld: Bringing up level for play took: 0.000480
[2022.10.06-02.22.03:781][  0]LogLoad: Took 1.210100 seconds to LoadMap(/Game/Levels/Main)
[2022.10.06-02.22.03:781][  0]LogInit: Display: Engine is initialized. Leaving FEngineLoop::Init()
[2022.10.06-02.22.03:781][  0]LogLoad: (Engine Initialization) Total time: 12.07 seconds
[2022.10.06-02.22.19:421][341]PlatformVoiceChat: Vivox LoginSession State Change: LoginState::LoggingIn
[2022.10.06-02.22.25:891][535]LogCoreSDK: Error: Failed to recv data from game cluster region eu-west: 0 [http://34.141.177.24:82/api/util/echo]
[2022.10.06-02.22.32:077][915]LogNet: Browse: 35.224.32.124:57403/Game/Levels/PlayMap?ClientVersion=1.0.267-prod-s?ContentVersion=1.0.205?GameSessionId=BDC953BB481F0FC52F610DBBA22910F6?GameSessionIdParent=?ReservationToken=eyJJZCI6IjE2N2FmOWMxNDI3MzRiNzFiMWY5NDc3NDM2ZTEzM2NhIiwiQWNjb3VudElkIjoiZTdkNTEwYjY1NjllNGFhN2IzMGNkNmY2OTg5YjNiMjEiLCJVc2VyTmFtZSI6Imxpbmhxa2hlIiwiR2xvYmFsUG9kSWQiOiJkYzAwMTFiYy05MjZkLTQyYzUtYWE3NS00Njk3Njg2NzdmNTEiLCJFeHBpcmVzQXQiOiI2MzgwMDYxOTg5NDk0MDUyMDEiLCJQcm9maWxlUGljdHVyZUlkIjoiNDdjNTEzYzM1ZDE3NDZjZmI3YzUzNjdkNTMwYTVjOTAifQ==.af06ZwBwiyrDmwf2NPJjgo/2+PHA6s6BjLH/f8Kv+rrUDSPm4G3yXTr87f61gvneYG/1ygRtWoTFxXfh1KMKtfkIpZZ1CV+q6aLxsZ9UGf22DA/S7QBlfrqB4U+GBN/gDn6lLW4Gti/XHtJAfMc3LLJnt6SxkavbrFARGqRaAX9Nkpi5JB/MOhia7ttpY2HODotWPuc7pJgrhopPLG0mLO90fejZ8SN/fNaVr78+w6PiAhbGGIUjPyFF496xFZJw5k2Pgt9bhYZaQ3nSaPpQLqkCtUilYHI8V8UkCyKrLxHKTfnsjaIf/fXasBMAzlgWYp48+Yhd+wr1GEGEMfrLJw==
[2022.10.06-02.22.32:077][915]LogInit: WinSock: Socket queue. Rx: 32768 (config 32768) Tx: 32768 (config 32768)
[2022.10.06-02.22.32:077][915]LogNet: Created socket for bind address: 0.0.0.0 on port 0
[2022.10.06-02.22.32:078][915]LogNet: Game client on port 57403, rate 1000000
[2022.10.06-02.22.33:889][ 35]LogNetVersion: Platform 1.0.0.0, NetCL: 0, EngineNetVer: 16, GameNetVer: 0 (Checksum: 1507790583)
[2022.10.06-02.22.33:889][ 35]LogNet: UPendingNetGame::SendInitialJoin: Sending hello. [UNetConnection] RemoteAddr: 35.224.32.124:57403, Name: CoreConnection_0, Driver: PendingNetDriver CoreNetDriver_0, IsServer: NO, PC: NULL, Owner: NULL, UniqueId: INVALID
[2022.10.06-02.22.34:822][ 97]PlatformVoiceChat: Vivox LoginSession State Change: LoginState::LoggedIn
[2022.10.06-02.22.34:822][ 97]PlatformVoiceChat: Vivox login success
[2022.10.06-02.22.34:927][104]LogNet: Welcomed by server (Level: /Game/Levels/PlayMap, Game: /Game/GameFramework/bp_PlayGameMode.bp_PlayGameMode_C)
[2022.10.06-02.22.34:928][104]LogLoad: LoadMap: 35.224.32.124:57403/Game/Levels/PlayMap?ClientVersion=1.0.267-prod-s?ContentVersion=1.0.205?GameSessionId=BDC953BB481F0FC52F610DBBA22910F6?GameSessionIdParent=?ReservationToken=eyJJZCI6IjE2N2FmOWMxNDI3MzRiNzFiMWY5NDc3NDM2ZTEzM2NhIiwiQWNjb3VudElkIjoiZTdkNTEwYjY1NjllNGFhN2IzMGNkNmY2OTg5YjNiMjEiLCJVc2VyTmFtZSI6Imxpbmhxa2hlIiwiR2xvYmFsUG9kSWQiOiJkYzAwMTFiYy05MjZkLTQyYzUtYWE3NS00Njk3Njg2NzdmNTEiLCJFeHBpcmVzQXQiOiI2MzgwMDYxOTg5NDk0MDUyMDEiLCJQcm9maWxlUGljdHVyZUlkIjoiNDdjNTEzYzM1ZDE3NDZjZmI3YzUzNjdkNTMwYTVjOTAifQ==.af06ZwBwiyrDmwf2NPJjgo/2+PHA6s6BjLH/f8Kv+rrUDSPm4G3yXTr87f61gvneYG/1ygRtWoTFxXfh1KMKtfkIpZZ1CV+q6aLxsZ9UGf22DA/S7QBlfrqB4U+GBN/gDn6lLW4Gti/XHtJAfMc3LLJnt6SxkavbrFARGqRaAX9Nkpi5JB/MOhia7ttpY2HODotWPuc7pJgrhopPLG0mLO90fejZ8SN/fNaVr78+w6PiAhbGGIUjPyFF496xFZJw5k2Pgt9bhYZaQ3nSaPpQLqkCtUilYHI8V8UkCyKrLxHKTfnsjaIf/fXasBMAzlgWYp48+Yhd+wr1GEGEMfrLJw==?game=/Game/GameFramework/bp_PlayGameMode.bp_PlayGameMode_C
[2022.10.06-02.22.34:928][104]LogWorld: BeginTearingDown for /Game/Levels/Main
[2022.10.06-02.22.34:929][104]LogWorld: UWorld::CleanupWorld for Main, bSessionEnded=true, bCleanupResources=true
[2022.10.06-02.22.35:687][104]LogWorld: Bringing World /Game/Levels/PlayMap.PlayMap up for play (max tick rate 0) at 2022.10.06-09.22.35
[2022.10.06-02.22.35:709][104]LogWorld: Bringing up level for play took: 0.027839
[2022.10.06-02.22.36:712][104]LogLoad: Took 1.784733 seconds to LoadMap(/Game/Levels/PlayMap)
[2022.10.06-02.22.37:561][108]LogCoreSDK: Error: Request failed: Url: https://www.coregames.com/api/Game/70d58a6a139843138b490fb9bd0f326d Get; Error: Invalid game id Request: REDACTED Response: REDACTED - RESPONSE CODE: 200
[2022.10.06-02.22.39:499][139]PlatformScriptOutput: Warning: Warning: [65BB55788C00BD38] CinematicToolClient:264 Player.bindingPressedEvent is deprecated. Please use Input.actionPressedEvent instead, but note that it does not use the same binding names.
[2022.10.06-02.22.39:623][139]PlatformScriptOutput: Warning: Warning: [FF1C992903195B91] LoadingScreenControllerClient:100 Player.bindingPressedEvent is deprecated. Please use Input.actionPressedEvent instead, but note that it does not use the same binding names.
[2022.10.06-02.22.39:993][147]PlatformVideoStreaming: Warning: Retrying stopped video stream: 
[2022.10.06-02.22.40:692][163]PlatformScriptOutput: Successfully loaded 8 active events.
[2022.10.06-02.22.40:738][164]PlatformVoiceChat: ChannelSession State Change in game_all_e39f3e57c5be416a82a50e1b3673828d_dc0011bc-926d-42c5-aa75-469768677f51_1_0_267-prod-s: ConnectionState::Connecting
[2022.10.06-02.22.40:963][169]PlatformVoiceChat: Joined Vivox channel game_all_e39f3e57c5be416a82a50e1b3673828d_dc0011bc-926d-42c5-aa75-469768677f51_1_0_267-prod-s
[2022.10.06-02.22.43:133][200]PlatformVideoStreaming: Warning: Retrying stopped video stream: 
[2022.10.06-02.22.43:709][208]PlatformVoiceChat: User e7d510b6569e4aa7b30cd6f6989b3b21 has joined channel game_all_e39f3e57c5be416a82a50e1b3673828d_dc0011bc-926d-42c5-aa75-469768677f51_1_0_267-prod-s (self = true)
[2022.10.06-02.22.43:710][208]PlatformVoiceChat: ChannelSession State Change in game_all_e39f3e57c5be416a82a50e1b3673828d_dc0011bc-926d-42c5-aa75-469768677f51_1_0_267-prod-s: ConnectionState::Connected
[2022.10.06-02.22.43:710][208]PlatformVoiceChat: Joined Vivox channel game_all_e39f3e57c5be416a82a50e1b3673828d_dc0011bc-926d-42c5-aa75-469768677f51_1_0_267-prod-s
[2022.10.06-02.22.44:470][219]PlatformScriptOutput: [Client] Setting stance InterfaceBrowsing to player Ghost-Moose
[2022.10.06-02.22.45:771][238]PlatformScriptOutput: Initializing collectionIndex: tournament
[2022.10.06-02.22.46:224][245]PlatformVideoStreaming: Warning: Retrying stopped video stream: 
[2022.10.06-02.22.49:311][289]PlatformVideoStreaming: Warning: Retrying stopped video stream: 
[2022.10.06-02.22.51:272][321]PlatformVoiceChat: User 4d70ef8492c54f2991f4505fe6f0a90e has left channel game_all_e39f3e57c5be416a82a50e1b3673828d_dc0011bc-926d-42c5-aa75-469768677f51_1_0_267-prod-s (self = false)
[2022.10.06-02.22.51:616][328]PlatformScriptOutput: Initializing collectionIndex: active
[2022.10.06-02.22.51:845][332]PlatformScriptOutput: Error: Error running Lua task: [DC42AC6CAFA57912] ActivityFeedTabDisplayClient:107: Attempted to access an object that has been destroyed. Consider using Object.IsValid(myObject) to check for this condition.
[2022.10.06-02.22.52:403][341]PlatformVideoStreaming: Warning: Retrying stopped video stream: 
[2022.10.06-02.22.54:403][374]PlatformScriptOutput: 0
[2022.10.06-02.22.54:403][374]PlatformScriptOutput: RPCrate start client.
[2022.10.06-02.22.54:403][374]PlatformScriptOutput: Create sequence started.
[2022.10.06-02.22.54:405][374]PlatformScriptOutput: Open Daily Bonus Crate
[2022.10.06-02.22.55:480][393]PlatformVideoStreaming: Warning: Retrying stopped video stream: 
[2022.10.06-02.22.58:568][453]PlatformVideoStreaming: Warning: Retrying stopped video stream: 
[2022.10.06-02.23.01:642][503]PlatformVideoStreaming: Warning: Retrying stopped video stream: 
[2022.10.06-02.23.04:740][552]PlatformVideoStreaming: Warning: Retrying stopped video stream: 
[2022.10.06-02.23.06:572][583]LogCoreSDK: Error: Failed to recv data from game cluster region eu-west: 9 [http://34.141.177.24:82/api/util/echo]
[2022.10.06-02.23.07:858][604]PlatformVideoStreaming: Warning: Retrying stopped video stream: 
[2022.10.06-02.23.10:944][655]LogHttp: Warning: 000001B85A00E930: invalid HTTP response code received. URL: https://manticoreprod-ms.azureedge.net/screenshots/2e81926d7ea54af29e8204d2c2b606bc_0_3OEMf4oemGhkl671XffASQ_4189B341418C1E46F6C4A252D67AEFE423E6882F.jpg, HTTP code: 0, content length: 0, actual payload size: 0
[2022.10.06-02.23.10:945][655]LogHttp: Warning: 000001B85A00E930: request failed, libcurl error: 35 (SSL connect error)
[2022.10.06-02.23.10:945][655]LogHttp: Warning: 000001B85A00E930: libcurl info message cache 0 (Found bundle for host manticoreprod-ms.azureedge.net: 0x1b866220040 [can pipeline])
[2022.10.06-02.23.10:945][655]LogHttp: Warning: 000001B85A00E930: libcurl info message cache 1 (Hostname manticoreprod-ms.azureedge.net was found in DNS cache)
[2022.10.06-02.23.10:945][655]LogHttp: Warning: 000001B85A00E930: libcurl info message cache 2 (  Trying 13.107.246.46...)
[2022.10.06-02.23.10:945][655]LogHttp: Warning: 000001B85A00E930: libcurl info message cache 3 (TCP_NODELAY set)
[2022.10.06-02.23.10:945][655]LogHttp: Warning: 000001B85A00E930: libcurl info message cache 4 (Connected to manticoreprod-ms.azureedge.net (13.107.246.46) port 443 (#29))
[2022.10.06-02.23.10:945][655]LogHttp: Warning: 000001B85A00E930: libcurl info message cache 5 (ALPN, offering http/1.1)
[2022.10.06-02.23.10:945][655]LogHttp: Warning: 000001B85A00E930: libcurl info message cache 6 (Cipher selection: ALL:!EXPORT:!EXPORT40:!EXPORT56:!aNULL:!LOW:!RC4:@STRENGTH)
[2022.10.06-02.23.10:945][655]LogHttp: Warning: 000001B85A00E930: libcurl info message cache 7 (SSL re-using session ID)
[2022.10.06-02.23.10:945][655]LogHttp: Warning: 000001B85A00E930: libcurl info message cache 8 (TLSv1.3 (OUT), TLS handshake, Client hello (1):)
[2022.10.06-02.23.10:945][655]LogHttp: Warning: 000001B85A00E930: libcurl info message cache 9 (OpenSSL SSL_connect: SSL_ERROR_SYSCALL in connection to manticoreprod-ms.azureedge.net:443 )
[2022.10.06-02.23.10:945][655]LogHttp: Warning: 000001B85A00E930: libcurl info message cache 10 (Closing connection 29)
[2022.10.06-02.23.10:945][655]LogCoreSDK: Error: Failed to download texture!
Url: https://manticoreprod-ms.azureedge.net/screenshots/2e81926d7ea54af29e8204d2c2b606bc_0_3OEMf4oemGhkl671XffASQ_4189B341418C1E46F6C4A252D67AEFE423E6882F.jpg
Error: Request failed
[2022.10.06-02.23.10:945][655]LogCoreSDK: Error: Failed to download texture for https://manticoreprod-ms.azureedge.net/screenshots/2e81926d7ea54af29e8204d2c2b606bc_0_3OEMf4oemGhkl671XffASQ_4189B341418C1E46F6C4A252D67AEFE423E6882F.jpg
[2022.10.06-02.23.10:950][655]PlatformVideoStreaming: Warning: Retrying stopped video stream: 
[2022.10.06-02.23.14:042][704]PlatformVideoStreaming: Warning: Retrying stopped video stream: 
[2022.10.06-02.23.16:324][743]LogCoreSDK: Error: Failed to recv data from game cluster region eu-west: 9 [http://34.141.177.24:82/api/util/echo]
[2022.10.06-02.23.17:112][757]PlatformVideoStreaming: Warning: Retrying stopped video stream: 
[2022.10.06-02.23.19:844][847]PlatformScriptOutput: [Client] Setting stance InterfaceBrowsing to player linhqkhe
[2022.10.06-02.23.20:131][864]PlatformVideoStreaming: Warning: Retrying stopped video stream: 
[2022.10.06-02.23.21:203][928]PlatformVoiceChat: ChannelSession State Change in game_all_e39f3e57c5be416a82a50e1b3673828d_dc0011bc-926d-42c5-aa75-469768677f51_1_0_267-prod-s: ConnectionState::Disconnecting
[2022.10.06-02.23.21:204][928]LogNet: Browse: /Game/Levels/Main?closed
[2022.10.06-02.23.21:204][928]LogNet: Connection failed; returning to Entry
[2022.10.06-02.23.21:204][928]LogLoad: LoadMap: /Game/Levels/Main?closed
[2022.10.06-02.23.21:204][928]LogWorld: BeginTearingDown for /Game/Levels/PlayMap
[2022.10.06-02.23.21:204][928]LogNet: World NetDriver shutdown CoreNetDriver_0 [GameNetDriver]
[2022.10.06-02.23.21:204][928]LogNet: DestroyNamedNetDriver CoreNetDriver_0 [GameNetDriver]
[2022.10.06-02.23.21:206][928]LogNet: UNetConnection::Close: [UNetConnection] RemoteAddr: 35.224.32.124:57403, Name: CoreConnection_0, Driver: GameNetDriver CoreNetDriver_0, IsServer: NO, PC: PFPlayerController_0, Owner: PFPlayerController_0, UniqueId: NULL:e7d51...b3b21, Channels: 12, Time: 2022.10.06-02.23.21
[2022.10.06-02.23.21:207][928]LogNet: UChannel::Close: Sending CloseBunch. ChIndex == 0. Name: [UChannel] ChIndex: 0, Closing: 0 [UNetConnection] RemoteAddr: 35.224.32.124:57403, Name: CoreConnection_0, Driver: GameNetDriver CoreNetDriver_0, IsServer: NO, PC: PFPlayerController_0, Owner: PFPlayerController_0, UniqueId: NULL:e7d51...b3b21
[2022.10.06-02.23.21:207][928]LogExit: GameNetDriver CoreNetDriver_0 shut down
[2022.10.06-02.23.21:276][928]LogWorld: UWorld::CleanupWorld for PlayMap, bSessionEnded=true, bCleanupResources=true
[2022.10.06-02.23.21:731][928]LogLoad: Game class is 'bp_MainGameMode_C'
[2022.10.06-02.23.21:732][928]LogWorld: Bringing World /Game/Levels/Main.Main up for play (max tick rate 60) at 2022.10.06-09.23.21
[2022.10.06-02.23.21:733][928]LogWorld: Bringing up level for play took: 0.000554
[2022.10.06-02.23.21:735][928]LogLoad: Took 0.531254 seconds to LoadMap(/Game/Levels/Main)
[2022.10.06-02.23.21:761][929]LogNet: Browse: /Game/Levels/FrontEnd
[2022.10.06-02.23.21:762][929]LogLoad: LoadMap: /Game/Levels/FrontEnd
[2022.10.06-02.23.21:762][929]LogWorld: BeginTearingDown for /Game/Levels/Main
[2022.10.06-02.23.21:762][929]LogWorld: UWorld::CleanupWorld for Main, bSessionEnded=true, bCleanupResources=true
[2022.10.06-02.23.21:862][929]LogLoad: Game class is 'bp_FrontEndGameMode_C'
[2022.10.06-02.23.21:877][929]LogWorld: Bringing World /Game/Levels/FrontEnd.FrontEnd up for play (max tick rate 30) at 2022.10.06-09.23.21
[2022.10.06-02.23.21:877][929]LogWorld: Bringing up level for play took: 0.000561
[2022.10.06-02.23.21:881][929]LogLoad: Took 0.119057 seconds to LoadMap(/Game/Levels/FrontEnd)
[2022.10.06-02.23.22:200][932]LogCoreSDK: Error: Failed to recv data from game cluster region us-central: 9 [http://34.132.28.53:82/api/util/echo]
[2022.10.06-02.23.24:071][987]LogHttp: Warning: 000001B857AE44F0: invalid HTTP response code received. URL: https://www.coregames.com/api/Promotion/collection, HTTP code: 0, content length: 0, actual payload size: 0
[2022.10.06-02.23.24:071][987]LogHttp: Warning: 000001B857AE44F0: request failed, libcurl error: 35 (SSL connect error)
[2022.10.06-02.23.24:071][987]LogHttp: Warning: 000001B857AE44F0: libcurl info message cache 0 (Found bundle for host www.coregames.com: 0x1b866221870 [can pipeline])
[2022.10.06-02.23.24:071][987]LogHttp: Warning: 000001B857AE44F0: libcurl info message cache 1 (Hostname 'www.coregames.com' was found in DNS cache)
[2022.10.06-02.23.24:071][987]LogHttp: Warning: 000001B857AE44F0: libcurl info message cache 2 (  Trying 20.69.134.17...)
[2022.10.06-02.23.24:071][987]LogHttp: Warning: 000001B857AE44F0: libcurl info message cache 3 (TCP_NODELAY set)
[2022.10.06-02.23.24:071][987]LogHttp: Warning: 000001B857AE44F0: libcurl info message cache 4 (Connected to www.coregames.com (20.69.134.17) port 443 (#34))
[2022.10.06-02.23.24:071][987]LogHttp: Warning: 000001B857AE44F0: libcurl info message cache 5 (ALPN, offering http/1.1)
[2022.10.06-02.23.24:071][987]LogHttp: Warning: 000001B857AE44F0: libcurl info message cache 6 (Cipher selection: ALL:!EXPORT:!EXPORT40:!EXPORT56:!aNULL:!LOW:!RC4:@STRENGTH)
[2022.10.06-02.23.24:071][987]LogHttp: Warning: 000001B857AE44F0: libcurl info message cache 7 (SSL re-using session ID)
[2022.10.06-02.23.24:071][987]LogHttp: Warning: 000001B857AE44F0: libcurl info message cache 8 (TLSv1.3 (OUT), TLS handshake, Client hello (1):)
[2022.10.06-02.23.24:071][987]LogHttp: Warning: 000001B857AE44F0: libcurl info message cache 9 (OpenSSL SSL_connect: SSL_ERROR_SYSCALL in connection to www.coregames.com:443 )
[2022.10.06-02.23.24:071][987]LogHttp: Warning: 000001B857AE44F0: libcurl info message cache 10 (Closing connection 34)
[2022.10.06-02.23.24:071][987]LogHttp: Warning: 000001B8479D2500: invalid HTTP response code received. URL: https://www.coregames.com/api/Game/custom_collections?kind=game_category_reward_points, HTTP code: 0, content length: 0, actual payload size: 0
[2022.10.06-02.23.24:071][987]LogHttp: Warning: 000001B8479D2500: request failed, libcurl error: 35 (SSL connect error)
[2022.10.06-02.23.24:071][987]LogHttp: Warning: 000001B8479D2500: libcurl info message cache 0 (Found bundle for host www.coregames.com: 0x1b866221870 [can pipeline])
[2022.10.06-02.23.24:071][987]LogHttp: Warning: 000001B8479D2500: libcurl info message cache 1 (Hostname 'www.coregames.com' was found in DNS cache)
[2022.10.06-02.23.24:071][987]LogHttp: Warning: 000001B8479D2500: libcurl info message cache 2 (  Trying 20.69.134.17...)
[2022.10.06-02.23.24:071][987]LogHttp: Warning: 000001B8479D2500: libcurl info message cache 3 (TCP_NODELAY set)
[2022.10.06-02.23.24:072][987]LogHttp: Warning: 000001B8479D2500: libcurl info message cache 4 (Connected to www.coregames.com (20.69.134.17) port 443 (#40))
[2022.10.06-02.23.24:072][987]LogHttp: Warning: 000001B8479D2500: libcurl info message cache 5 (ALPN, offering http/1.1)
[2022.10.06-02.23.24:072][987]LogHttp: Warning: 000001B8479D2500: libcurl info message cache 6 (Cipher selection: ALL:!EXPORT:!EXPORT40:!EXPORT56:!aNULL:!LOW:!RC4:@STRENGTH)
[2022.10.06-02.23.24:072][987]LogHttp: Warning: 000001B8479D2500: libcurl info message cache 7 (SSL re-using session ID)
[2022.10.06-02.23.24:072][987]LogHttp: Warning: 000001B8479D2500: libcurl info message cache 8 (TLSv1.3 (OUT), TLS handshake, Client hello (1):)
[2022.10.06-02.23.24:072][987]LogHttp: Warning: 000001B8479D2500: libcurl info message cache 9 (OpenSSL SSL_connect: SSL_ERROR_SYSCALL in connection to www.coregames.com:443 )
[2022.10.06-02.23.24:072][987]LogHttp: Warning: 000001B8479D2500: libcurl info message cache 10 (Closing connection 40)
[2022.10.06-02.23.24:137][989]LogHttp: Warning: Retry exhausted on https://www.coregames.com/api/Promotion/collection
[2022.10.06-02.23.24:137][989]LogHttp: Warning: Retry exhausted on https://www.coregames.com/api/Game/custom_collections?kind=game_category_reward_points
[2022.10.06-02.23.24:305][994]LogHttp: Warning: 000001B886E73BD0: invalid HTTP response code received. URL: https://www.coregames.com/api/Promotion/collection, HTTP code: 0, content length: 0, actual payload size: 0
[2022.10.06-02.23.24:305][994]LogHttp: Warning: 000001B886E73BD0: request failed, libcurl error: 35 (SSL connect error)
[2022.10.06-02.23.24:305][994]LogHttp: Warning: 000001B886E73BD0: libcurl info message cache 0 (Found bundle for host www.coregames.com: 0x1b866221870 [can pipeline])
[2022.10.06-02.23.24:305][994]LogHttp: Warning: 000001B886E73BD0: libcurl info message cache 1 (Hostname 'www.coregames.com' was found in DNS cache)
[2022.10.06-02.23.24:305][994]LogHttp: Warning: 000001B886E73BD0: libcurl info message cache 2 (  Trying 20.69.134.17...)
[2022.10.06-02.23.24:305][994]LogHttp: Warning: 000001B886E73BD0: libcurl info message cache 3 (TCP_NODELAY set)
[2022.10.06-02.23.24:305][994]LogHttp: Warning: 000001B886E73BD0: libcurl info message cache 4 (Connected to www.coregames.com (20.69.134.17) port 443 (#38))
[2022.10.06-02.23.24:305][994]LogHttp: Warning: 000001B886E73BD0: libcurl info message cache 5 (ALPN, offering http/1.1)
[2022.10.06-02.23.24:305][994]LogHttp: Warning: 000001B886E73BD0: libcurl info message cache 6 (Cipher selection: ALL:!EXPORT:!EXPORT40:!EXPORT56:!aNULL:!LOW:!RC4:@STRENGTH)
[2022.10.06-02.23.24:305][994]LogHttp: Warning: 000001B886E73BD0: libcurl info message cache 7 (SSL re-using session ID)
[2022.10.06-02.23.24:305][994]LogHttp: Warning: 000001B886E73BD0: libcurl info message cache 8 (TLSv1.3 (OUT), TLS handshake, Client hello (1):)
[2022.10.06-02.23.24:305][994]LogHttp: Warning: 000001B886E73BD0: libcurl info message cache 9 (OpenSSL SSL_connect: SSL_ERROR_SYSCALL in connection to www.coregames.com:443 )
[2022.10.06-02.23.24:305][994]LogHttp: Warning: 000001B886E73BD0: libcurl info message cache 10 (Closing connection 38)
[2022.10.06-02.23.24:338][995]LogHttp: Warning: Retry exhausted on https://www.coregames.com/api/Promotion/collection
[2022.10.06-02.23.24:771][  8]LogCoreSDK: Error: Failed to recv data from game cluster region us-central: 9 [http://34.132.28.53:82/api/util/echo]
[2022.10.06-02.23.25:436][ 27]LogNet: Browse: /Game/Levels/Main
[2022.10.06-02.23.25:437][ 27]LogLoad: LoadMap: /Game/Levels/Main
[2022.10.06-02.23.25:437][ 27]LogWorld: BeginTearingDown for /Game/Levels/FrontEnd
[2022.10.06-02.23.25:450][ 27]LogWorld: UWorld::CleanupWorld for FrontEnd, bSessionEnded=true, bCleanupResources=true
[2022.10.06-02.23.25:450][ 27]LogWorld: UWorld::CleanupWorld for AvatarEditorLighting, bSessionEnded=true, bCleanupResources=true
[2022.10.06-02.23.25:450][ 27]LogWorld: UWorld::CleanupWorld for AvatarEditorLogic, bSessionEnded=true, bCleanupResources=true
[2022.10.06-02.23.25:539][ 27]LogLoad: Game class is 'bp_MainGameMode_C'
[2022.10.06-02.23.25:539][ 27]LogWorld: Bringing World /Game/Levels/Main.Main up for play (max tick rate 30) at 2022.10.06-09.23.25
[2022.10.06-02.23.25:540][ 27]LogWorld: Bringing up level for play took: 0.000519
[2022.10.06-02.23.25:542][ 27]LogLoad: Took 0.105221 seconds to LoadMap(/Game/Levels/Main)
[2022.10.06-02.23.28:059][155]LogCoreSDK: Error: Failed to recv data from game cluster region us-central: 9 [http://34.132.28.53:82/api/util/echo]
[2022.10.06-02.23.33:848][505]LogNet: Browse: /Game/Levels/PlayMap?ClientVersion=1.0.267-prod-s?listen
[2022.10.06-02.23.33:848][505]LogLoad: LoadMap: /Game/Levels/PlayMap?ClientVersion=1.0.267-prod-s?listen
[2022.10.06-02.23.33:848][505]LogWorld: BeginTearingDown for /Game/Levels/Main
[2022.10.06-02.23.33:848][505]LogWorld: UWorld::CleanupWorld for Main, bSessionEnded=true, bCleanupResources=true
[2022.10.06-02.23.34:101][505]LogLoad: Game class is 'bp_PlayGameMode_C'
[2022.10.06-02.23.34:102][505]LogInit: WinSock: Socket queue. Rx: 131072 (config 131072) Tx: 131072 (config 131072)
[2022.10.06-02.23.34:102][505]LogNet: Created socket for bind address: 0.0.0.0 on port 7777
[2022.10.06-02.23.34:102][505]LogNet: GameNetDriver CoreNetDriver_1 IpNetDriver listening on port 7777
[2022.10.06-02.23.34:104][505]LogWorld: Bringing World /Game/Levels/PlayMap.PlayMap up for play (max tick rate 0) at 2022.10.06-09.23.34
[2022.10.06-02.23.34:107][505]LogWorld: Bringing up level for play took: 0.004075
[2022.10.06-02.23.34:476][505]PlatformScriptOutput: Warning: Warning: [06208344FDA1EF5B] MovementClient:56 Player.bindingPressedEvent is deprecated. Please use Input.actionPressedEvent instead, but note that it does not use the same binding names.
[2022.10.06-02.23.34:477][505]PlatformScriptOutput: Warning: Warning: [06208344FDA1EF5B] MovementClient:57 Player.bindingReleasedEvent is deprecated. Please use Input.actionReleasedEvent instead, but note that it does not use the same binding names.
[2022.10.06-02.23.34:479][505]PlatformScriptOutput: Warning: Warning: [06208344FDA1EF5B] MovementClient:56 Player.bindingPressedEvent is deprecated. Please use Input.actionPressedEvent instead, but note that it does not use the same binding names.
[2022.10.06-02.23.34:479][505]PlatformScriptOutput: Warning: Warning: [06208344FDA1EF5B] MovementClient:57 Player.bindingReleasedEvent is deprecated. Please use Input.actionReleasedEvent instead, but note that it does not use the same binding names.
[2022.10.06-02.23.34:479][505]PlatformScriptOutput: Warning: Warning: [06208344FDA1EF5B] MovementClient:56 Player.bindingPressedEvent is deprecated. Please use Input.actionPressedEvent instead, but note that it does not use the same binding names.
[2022.10.06-02.23.34:479][505]PlatformScriptOutput: Warning: Warning: [06208344FDA1EF5B] MovementClient:57 Player.bindingReleasedEvent is deprecated. Please use Input.actionReleasedEvent instead, but note that it does not use the same binding names.
[2022.10.06-02.23.34:479][505]PlatformScriptOutput: Warning: Warning: [06208344FDA1EF5B] MovementClient:56 Player.bindingPressedEvent is deprecated. Please use Input.actionPressedEvent instead, but note that it does not use the same binding names.
[2022.10.06-02.23.34:479][505]PlatformScriptOutput: Warning: Warning: [06208344FDA1EF5B] MovementClient:57 Player.bindingReleasedEvent is deprecated. Please use Input.actionReleasedEvent instead, but note that it does not use the same binding names.
[2022.10.06-02.23.34:480][505]PlatformScriptOutput: Warning: Warning: [2DF88850852E7054] NPCAIServer:771 CoreObject.networkedPropertyChangedEvent is deprecated.  Please use CoreObject.customPropertyChangedEvent instead.
[2022.10.06-02.23.34:481][505]PlatformScriptOutput: Warning: Warning: [6B047322B57B516F] NPCAttackServer:158 CoreObject:SetNetworkedCustomProperty() is deprecated. Please use CoreObject:SetCustomProperty() instead.
[2022.10.06-02.23.34:483][505]PlatformScriptOutput: Warning: Warning: [8A6D8BE9F2F5251F] NPCAIClient:83 CoreObject.networkedPropertyChangedEvent is deprecated.  Please use CoreObject.customPropertyChangedEvent instead.
[2022.10.06-02.23.34:492][505]PlatformScriptOutput: Warning: Warning: [07F84F555BE5D919] NPCAttackClient:36 CoreObject.networkedPropertyChangedEvent is deprecated.  Please use CoreObject.customPropertyChangedEvent instead.
[2022.10.06-02.23.34:494][505]PlatformScriptOutput: Warning: Warning: [3228858E74BA748D] AnimControllerRaptor:130 CoreObject.networkedPropertyChangedEvent is deprecated.  Please use CoreObject.customPropertyChangedEvent instead.
[2022.10.06-02.23.34:503][505]LogLoad: Took 0.655187 seconds to LoadMap(/Game/Levels/PlayMap)
[2022.10.06-02.23.42:429][853]LogNet: Browse: /Game/Levels/Main?closed
[2022.10.06-02.23.42:430][853]LogNet: Connection failed; returning to Entry
[2022.10.06-02.23.42:430][853]LogLoad: LoadMap: /Game/Levels/Main?closed
[2022.10.06-02.23.42:430][853]LogWorld: BeginTearingDown for /Game/Levels/PlayMap
[2022.10.06-02.23.42:430][853]LogNet: World NetDriver shutdown CoreNetDriver_1 [GameNetDriver]
[2022.10.06-02.23.42:430][853]LogNet: DestroyNamedNetDriver CoreNetDriver_1 [GameNetDriver]
[2022.10.06-02.23.42:430][853]LogExit: GameNetDriver CoreNetDriver_1 shut down
[2022.10.06-02.23.42:448][853]PlatformScriptOutput: Error: Error running Lua task: [1F2A41CCF91DA5B0] NotificationFeedControllerClient:73: World.SpawnAsset() called while exiting game.
[2022.10.06-02.23.42:451][853]LogWorld: UWorld::CleanupWorld for PlayMap, bSessionEnded=true, bCleanupResources=true
[2022.10.06-02.23.42:586][853]LogLoad: Game class is 'bp_MainGameMode_C'
[2022.10.06-02.23.42:587][853]LogWorld: Bringing World /Game/Levels/Main.Main up for play (max tick rate 60) at 2022.10.06-09.23.42
[2022.10.06-02.23.42:587][853]LogWorld: Bringing up level for play took: 0.000406
[2022.10.06-02.23.42:590][853]LogLoad: Took 0.160061 seconds to LoadMap(/Game/Levels/Main)
[2022.10.06-02.23.42:613][854]LogNet: Browse: /Game/Levels/FrontEnd
[2022.10.06-02.23.42:614][854]LogLoad: LoadMap: /Game/Levels/FrontEnd
[2022.10.06-02.23.42:614][854]LogWorld: BeginTearingDown for /Game/Levels/Main
[2022.10.06-02.23.42:615][854]LogWorld: UWorld::CleanupWorld for Main, bSessionEnded=true, bCleanupResources=true
[2022.10.06-02.23.42:696][854]LogLoad: Game class is 'bp_FrontEndGameMode_C'
[2022.10.06-02.23.42:709][854]LogWorld: Bringing World /Game/Levels/FrontEnd.FrontEnd up for play (max tick rate 30) at 2022.10.06-09.23.42
[2022.10.06-02.23.42:710][854]LogWorld: Bringing up level for play took: 0.000624
[2022.10.06-02.23.42:712][854]LogLoad: Took 0.098131 seconds to LoadMap(/Game/Levels/FrontEnd)
[2022.10.06-02.23.51:417][111]LogNet: Browse: /Game/Levels/Main
[2022.10.06-02.23.51:417][111]LogLoad: LoadMap: /Game/Levels/Main
[2022.10.06-02.23.51:417][111]LogWorld: BeginTearingDown for /Game/Levels/FrontEnd
[2022.10.06-02.23.51:428][111]LogWorld: UWorld::CleanupWorld for FrontEnd, bSessionEnded=true, bCleanupResources=true
[2022.10.06-02.23.51:429][111]LogWorld: UWorld::CleanupWorld for AvatarEditorLighting, bSessionEnded=true, bCleanupResources=true
[2022.10.06-02.23.51:429][111]LogWorld: UWorld::CleanupWorld for AvatarEditorLogic, bSessionEnded=true, bCleanupResources=true
[2022.10.06-02.23.51:520][111]LogLoad: Game class is 'bp_MainGameMode_C'
[2022.10.06-02.23.51:521][111]LogWorld: Bringing World /Game/Levels/Main.Main up for play (max tick rate 30) at 2022.10.06-09.23.51
[2022.10.06-02.23.51:521][111]LogWorld: Bringing up level for play took: 0.000626
[2022.10.06-02.23.51:525][111]LogLoad: Took 0.107469 seconds to LoadMap(/Game/Levels/Main)
[2022.10.06-02.23.52:804][183]LogNet: Browse: /Game/Levels/PlayMap?ClientVersion=1.0.267-prod-s?listen
[2022.10.06-02.23.52:804][183]LogLoad: LoadMap: /Game/Levels/PlayMap?ClientVersion=1.0.267-prod-s?listen
[2022.10.06-02.23.52:804][183]LogWorld: BeginTearingDown for /Game/Levels/Main
[2022.10.06-02.23.52:805][183]LogWorld: UWorld::CleanupWorld for Main, bSessionEnded=true, bCleanupResources=true
[2022.10.06-02.23.52:999][183]LogLoad: Game class is 'bp_PlayGameMode_C'
[2022.10.06-02.23.53:000][183]LogInit: WinSock: Socket queue. Rx: 131072 (config 131072) Tx: 131072 (config 131072)
[2022.10.06-02.23.53:000][183]LogNet: Created socket for bind address: 0.0.0.0 on port 7777
[2022.10.06-02.23.53:000][183]LogNet: GameNetDriver CoreNetDriver_2 IpNetDriver listening on port 7777
[2022.10.06-02.23.53:001][183]LogWorld: Bringing World /Game/Levels/PlayMap.PlayMap up for play (max tick rate 0) at 2022.10.06-09.23.53
[2022.10.06-02.23.53:004][183]LogWorld: Bringing up level for play took: 0.003375
[2022.10.06-02.23.53:272][183]PlatformScriptOutput: Warning: Warning: [06208344FDA1EF5B] MovementClient:56 Player.bindingPressedEvent is deprecated. Please use Input.actionPressedEvent instead, but note that it does not use the same binding names.
[2022.10.06-02.23.53:272][183]PlatformScriptOutput: Warning: Warning: [06208344FDA1EF5B] MovementClient:57 Player.bindingReleasedEvent is deprecated. Please use Input.actionReleasedEvent instead, but note that it does not use the same binding names.
[2022.10.06-02.23.53:274][183]PlatformScriptOutput: Warning: Warning: [06208344FDA1EF5B] MovementClient:56 Player.bindingPressedEvent is deprecated. Please use Input.actionPressedEvent instead, but note that it does not use the same binding names.
[2022.10.06-02.23.53:275][183]PlatformScriptOutput: Warning: Warning: [06208344FDA1EF5B] MovementClient:57 Player.bindingReleasedEvent is deprecated. Please use Input.actionReleasedEvent instead, but note that it does not use the same binding names.
[2022.10.06-02.23.53:275][183]PlatformScriptOutput: Warning: Warning: [06208344FDA1EF5B] MovementClient:56 Player.bindingPressedEvent is deprecated. Please use Input.actionPressedEvent instead, but note that it does not use the same binding names.
[2022.10.06-02.23.53:275][183]PlatformScriptOutput: Warning: Warning: [06208344FDA1EF5B] MovementClient:57 Player.bindingReleasedEvent is deprecated. Please use Input.actionReleasedEvent instead, but note that it does not use the same binding names.
[2022.10.06-02.23.53:275][183]PlatformScriptOutput: Warning: Warning: [06208344FDA1EF5B] MovementClient:56 Player.bindingPressedEvent is deprecated. Please use Input.actionPressedEvent instead, but note that it does not use the same binding names.
[2022.10.06-02.23.53:275][183]PlatformScriptOutput: Warning: Warning: [06208344FDA1EF5B] MovementClient:57 Player.bindingReleasedEvent is deprecated. Please use Input.actionReleasedEvent instead, but note that it does not use the same binding names.
[2022.10.06-02.23.53:276][183]PlatformScriptOutput: Warning: Warning: [2DF88850852E7054] NPCAIServer:771 CoreObject.networkedPropertyChangedEvent is deprecated.  Please use CoreObject.customPropertyChangedEvent instead.
[2022.10.06-02.23.53:276][183]PlatformScriptOutput: Warning: Warning: [6B047322B57B516F] NPCAttackServer:158 CoreObject:SetNetworkedCustomProperty() is deprecated. Please use CoreObject:SetCustomProperty() instead.
[2022.10.06-02.23.53:279][183]PlatformScriptOutput: Warning: Warning: [8A6D8BE9F2F5251F] NPCAIClient:83 CoreObject.networkedPropertyChangedEvent is deprecated.  Please use CoreObject.customPropertyChangedEvent instead.
[2022.10.06-02.23.53:287][183]PlatformScriptOutput: Warning: Warning: [07F84F555BE5D919] NPCAttackClient:36 CoreObject.networkedPropertyChangedEvent is deprecated.  Please use CoreObject.customPropertyChangedEvent instead.
[2022.10.06-02.23.53:288][183]PlatformScriptOutput: Warning: Warning: [3228858E74BA748D] AnimControllerRaptor:130 CoreObject.networkedPropertyChangedEvent is deprecated.  Please use CoreObject.customPropertyChangedEvent instead.
[2022.10.06-02.23.53:298][183]LogLoad: Took 0.493328 seconds to LoadMap(/Game/Levels/PlayMap)
[2022.10.06-02.23.53:411][184]PlatformVoiceChat: ChannelSession State Change in game_all_e39f3e57c5be416a82a50e1b3673828d_dc0011bc-926d-42c5-aa75-469768677f51_1_0_267-prod-s: ConnectionState::Disconnected
[2022.10.06-02.23.53:411][184]PlatformVoiceChat: Disconnecting from channel game_all_e39f3e57c5be416a82a50e1b3673828d_dc0011bc-926d-42c5-aa75-469768677f51_1_0_267-prod-s, reason: leftGame
[2022.10.06-02.24.16:386][789]LogNet: Browse: /Game/Levels/Main?closed
[2022.10.06-02.24.16:386][789]LogNet: Connection failed; returning to Entry
[2022.10.06-02.24.16:386][789]LogLoad: LoadMap: /Game/Levels/Main?closed
[2022.10.06-02.24.16:387][789]LogWorld: BeginTearingDown for /Game/Levels/PlayMap
[2022.10.06-02.24.16:387][789]LogNet: World NetDriver shutdown CoreNetDriver_2 [GameNetDriver]
[2022.10.06-02.24.16:387][789]LogNet: DestroyNamedNetDriver CoreNetDriver_2 [GameNetDriver]
[2022.10.06-02.24.16:387][789]LogExit: GameNetDriver CoreNetDriver_2 shut down
[2022.10.06-02.24.16:408][789]PlatformScriptOutput: Error: Error running Lua task: [1F2A41CCF91DA5B0] NotificationFeedControllerClient:73: World.SpawnAsset() called while exiting game.
[2022.10.06-02.24.16:412][789]LogWorld: UWorld::CleanupWorld for PlayMap, bSessionEnded=true, bCleanupResources=true
[2022.10.06-02.24.16:585][789]LogLoad: Game class is 'bp_MainGameMode_C'
[2022.10.06-02.24.16:586][789]LogWorld: Bringing World /Game/Levels/Main.Main up for play (max tick rate 60) at 2022.10.06-09.24.16
[2022.10.06-02.24.16:587][789]LogWorld: Bringing up level for play took: 0.001268
[2022.10.06-02.24.16:590][789]LogLoad: Took 0.203115 seconds to LoadMap(/Game/Levels/Main)
[2022.10.06-02.24.16:610][790]LogNet: Browse: /Game/Levels/FrontEnd
[2022.10.06-02.24.16:610][790]LogLoad: LoadMap: /Game/Levels/FrontEnd
[2022.10.06-02.24.16:611][790]LogWorld: BeginTearingDown for /Game/Levels/Main
[2022.10.06-02.24.16:611][790]LogWorld: UWorld::CleanupWorld for Main, bSessionEnded=true, bCleanupResources=true
[2022.10.06-02.24.16:734][790]LogLoad: Game class is 'bp_FrontEndGameMode_C'
[2022.10.06-02.24.16:777][790]LogWorld: Bringing World /Game/Levels/FrontEnd.FrontEnd up for play (max tick rate 30) at 2022.10.06-09.24.16
[2022.10.06-02.24.16:778][790]LogWorld: Bringing up level for play took: 0.000668
[2022.10.06-02.24.16:781][790]LogLoad: Took 0.170954 seconds to LoadMap(/Game/Levels/FrontEnd)
[2022.10.06-02.24.29:834][176]LogNet: Browse: /Game/Levels/Main
[2022.10.06-02.24.29:835][176]LogLoad: LoadMap: /Game/Levels/Main
[2022.10.06-02.24.29:835][176]LogWorld: BeginTearingDown for /Game/Levels/FrontEnd
[2022.10.06-02.24.29:850][176]LogWorld: UWorld::CleanupWorld for FrontEnd, bSessionEnded=true, bCleanupResources=true
[2022.10.06-02.24.29:850][176]LogWorld: UWorld::CleanupWorld for AvatarEditorLighting, bSessionEnded=true, bCleanupResources=true
[2022.10.06-02.24.29:850][176]LogWorld: UWorld::CleanupWorld for AvatarEditorLogic, bSessionEnded=true, bCleanupResources=true
[2022.10.06-02.24.29:946][176]LogLoad: Game class is 'bp_MainGameMode_C'
[2022.10.06-02.24.29:946][176]LogWorld: Bringing World /Game/Levels/Main.Main up for play (max tick rate 30) at 2022.10.06-09.24.29
[2022.10.06-02.24.29:946][176]LogWorld: Bringing up level for play took: 0.000399
[2022.10.06-02.24.29:950][176]LogLoad: Took 0.115523 seconds to LoadMap(/Game/Levels/Main)
[2022.10.06-02.24.30:907][224]LogNet: Browse: /Game/Levels/CreateMap?ClientVersion=1.0.267-prod-s?listen
[2022.10.06-02.24.30:907][224]LogLoad: LoadMap: /Game/Levels/CreateMap?ClientVersion=1.0.267-prod-s?listen
[2022.10.06-02.24.30:908][224]LogWorld: BeginTearingDown for /Game/Levels/Main
[2022.10.06-02.24.30:908][224]LogWorld: UWorld::CleanupWorld for Main, bSessionEnded=true, bCleanupResources=true
[2022.10.06-02.24.31:272][224]LogLoad: Game class is 'bp_CreateGameMode_C'
[2022.10.06-02.24.31:273][224]LogInit: WinSock: Socket queue. Rx: 131072 (config 131072) Tx: 131072 (config 131072)
[2022.10.06-02.24.31:273][224]LogNet: Created socket for bind address: 0.0.0.0 on port 7777
[2022.10.06-02.24.31:273][224]LogNet: GameNetDriver CoreNetDriver_3 IpNetDriver listening on port 7777
[2022.10.06-02.24.31:286][224]LogWorld: Bringing World /Game/Levels/CreateMap.CreateMap up for play (max tick rate 0) at 2022.10.06-09.24.31
[2022.10.06-02.24.31:296][224]LogWorld: Bringing up level for play took: 0.020773
[2022.10.06-02.24.32:107][224]LogLoad: Took 1.199793 seconds to LoadMap(/Game/Levels/CreateMap)
[2022.10.06-02.24.39:859][576]LogCoreSDK: Error: Failed to recv data from game cluster region us-central: 9 [http://34.132.28.53:82/api/util/echo]
[2022.10.06-02.25.01:111][794]LogNet: Browse: /Game/Levels/Main?closed
[2022.10.06-02.25.01:112][794]LogNet: Connection failed; returning to Entry
[2022.10.06-02.25.01:112][794]LogLoad: LoadMap: /Game/Levels/Main?closed
[2022.10.06-02.25.01:112][794]LogWorld: BeginTearingDown for /Game/Levels/CreateMap
[2022.10.06-02.25.01:113][794]LogNet: World NetDriver shutdown CoreNetDriver_3 [GameNetDriver]
[2022.10.06-02.25.01:113][794]LogNet: DestroyNamedNetDriver CoreNetDriver_3 [GameNetDriver]
[2022.10.06-02.25.01:113][794]LogExit: GameNetDriver CoreNetDriver_3 shut down
[2022.10.06-02.25.01:268][794]LogWorld: UWorld::CleanupWorld for CreateMap, bSessionEnded=true, bCleanupResources=true
[2022.10.06-02.25.01:575][794]LogLoad: Game class is 'bp_MainGameMode_C'
[2022.10.06-02.25.01:576][794]LogWorld: Bringing World /Game/Levels/Main.Main up for play (max tick rate 60) at 2022.10.06-09.25.01
[2022.10.06-02.25.01:577][794]LogWorld: Bringing up level for play took: 0.000614
[2022.10.06-02.25.02:104][794]LogLoad: Took 0.992100 seconds to LoadMap(/Game/Levels/Main)
[2022.10.06-02.25.02:127][795]LogNet: Browse: /Game/Levels/FrontEnd
[2022.10.06-02.25.02:127][795]LogLoad: LoadMap: /Game/Levels/FrontEnd
[2022.10.06-02.25.02:127][795]LogWorld: BeginTearingDown for /Game/Levels/Main
[2022.10.06-02.25.02:128][795]LogWorld: UWorld::CleanupWorld for Main, bSessionEnded=true, bCleanupResources=true
[2022.10.06-02.25.02:304][795]LogLoad: Game class is 'bp_FrontEndGameMode_C'
[2022.10.06-02.25.02:392][795]LogWorld: Bringing World /Game/Levels/FrontEnd.FrontEnd up for play (max tick rate 30) at 2022.10.06-09.25.02
[2022.10.06-02.25.02:392][795]LogWorld: Bringing up level for play took: 0.000498
[2022.10.06-02.25.02:396][795]LogLoad: Took 0.268432 seconds to LoadMap(/Game/Levels/FrontEnd)
[2022.10.06-02.25.04:024][838]LogNet: Browse: /Game/Levels/Main
[2022.10.06-02.25.04:024][838]LogLoad: LoadMap: /Game/Levels/Main
[2022.10.06-02.25.04:024][838]LogWorld: BeginTearingDown for /Game/Levels/FrontEnd
[2022.10.06-02.25.04:038][838]LogWorld: UWorld::CleanupWorld for FrontEnd, bSessionEnded=true, bCleanupResources=true
[2022.10.06-02.25.04:039][838]LogWorld: UWorld::CleanupWorld for AvatarEditorLighting, bSessionEnded=true, bCleanupResources=true
[2022.10.06-02.25.04:039][838]LogWorld: UWorld::CleanupWorld for AvatarEditorLogic, bSessionEnded=true, bCleanupResources=true
[2022.10.06-02.25.04:114][838]LogLoad: Game class is 'bp_MainGameMode_C'
[2022.10.06-02.25.04:115][838]LogWorld: Bringing World /Game/Levels/Main.Main up for play (max tick rate 30) at 2022.10.06-09.25.04
[2022.10.06-02.25.04:116][838]LogWorld: Bringing up level for play took: 0.000490
[2022.10.06-02.25.04:118][838]LogLoad: Took 0.094338 seconds to LoadMap(/Game/Levels/Main)
[2022.10.06-02.25.06:931][990]LogNet: Browse: /Game/Levels/CreateMap?ClientVersion=1.0.267-prod-s?listen
[2022.10.06-02.25.06:932][990]LogLoad: LoadMap: /Game/Levels/CreateMap?ClientVersion=1.0.267-prod-s?listen
[2022.10.06-02.25.06:932][990]LogWorld: BeginTearingDown for /Game/Levels/Main
[2022.10.06-02.25.06:932][990]LogWorld: UWorld::CleanupWorld for Main, bSessionEnded=true, bCleanupResources=true
[2022.10.06-02.25.07:212][990]LogLoad: Game class is 'bp_CreateGameMode_C'
[2022.10.06-02.25.07:213][990]LogInit: WinSock: Socket queue. Rx: 131072 (config 131072) Tx: 131072 (config 131072)
[2022.10.06-02.25.07:213][990]LogNet: Created socket for bind address: 0.0.0.0 on port 7777
[2022.10.06-02.25.07:213][990]LogNet: GameNetDriver CoreNetDriver_4 IpNetDriver listening on port 7777
[2022.10.06-02.25.07:223][990]LogWorld: Bringing World /Game/Levels/CreateMap.CreateMap up for play (max tick rate 0) at 2022.10.06-09.25.07
[2022.10.06-02.25.07:231][990]LogWorld: Bringing up level for play took: 0.017013
[2022.10.06-02.25.08:126][990]LogLoad: Took 1.194232 seconds to LoadMap(/Game/Levels/CreateMap)
[2022.10.06-02.26.25:602][886]LogCoreSDK: Error: Failed to recv data from game cluster region eu-west: 9 [http://34.141.177.24:82/api/util/echo]
[2022.10.06-02.26.32:071][117]LogCoreSDK: Error: Failed to recv data from game cluster region us-central: 9 [http://34.132.28.53:82/api/util/echo]
[2022.10.06-02.26.35:729][255]LogCoreSDK: Error: Failed to recv data from game cluster region us-central: 9 [http://34.132.28.53:82/api/util/echo]
[2022.10.06-02.27.09:113][523]LogCoreSDK: Error: Failed to recv data from game cluster region eu-west: 9 [http://34.141.177.24:82/api/util/echo]
[2022.10.06-02.27.10:960][588]LogCoreSDK: Error: Failed to recv data from game cluster region eu-west: 9 [http://34.141.177.24:82/api/util/echo]
[2022.10.06-02.27.14:039][694]LogCoreSDK: Error: Failed to recv data from game cluster region us-central: 9 [http://34.132.28.53:82/api/util/echo]
[2022.10.06-02.27.19:972][898]LogCoreSDK: Error: Failed to recv data from game cluster region us-central: 9 [http://34.132.28.53:82/api/util/echo]
[2022.10.06-02.27.57:814][314]LogCoreSDK: Error: Failed to recv data from game cluster region us-central: 9 [http://34.132.28.53:82/api/util/echo]
[2022.10.06-02.27.59:989][399]LogCoreSDK: Error: Failed to recv data from game cluster region us-central: 9 [http://34.132.28.53:82/api/util/echo]
[2022.10.06-02.28.35:776][802]LogCoreSDK: Error: Failed to recv data from game cluster region eu-west: 9 [http://34.141.177.24:82/api/util/echo]
[2022.10.06-02.29.13:377][255]LogCoreSDK: Error: Failed to recv data from game cluster region eu-west: 9 [http://34.141.177.24:82/api/util/echo]
[2022.10.06-02.29.19:001][469]LogCoreSDK: Error: Failed to recv data from game cluster region us-central: 9 [http://34.132.28.53:82/api/util/echo]
[2022.10.06-02.29.54:115][825]LogCoreSDK: Error: Failed to recv data from game cluster region eu-west: 9 [http://34.141.177.24:82/api/util/echo]
[2022.10.06-02.31.13:840][907]LogCoreSDK: Error: Failed to recv data from game cluster region eu-west: 9 [http://34.141.177.24:82/api/util/echo]
[2022.10.06-02.31.18:430][ 74]LogCoreSDK: Error: Failed to recv data from game cluster region eu-west: 9 [http://34.141.177.24:82/api/util/echo]
[2022.10.06-02.31.23:066][230]LogCoreSDK: Error: Failed to recv data from game cluster region us-central: 9 [http://34.132.28.53:82/api/util/echo]
[2022.10.06-02.31.26:384][352]LogCoreSDK: Error: Failed to recv data from game cluster region us-central: 9 [http://34.132.28.53:82/api/util/echo]
[2022.10.06-02.32.01:248][648]LogCoreSDK: Error: Failed to recv data from game cluster region eu-west: 9 [http://34.141.177.24:82/api/util/echo]
[2022.10.06-02.32.05:452][808]LogCoreSDK: Error: Failed to recv data from game cluster region us-central: 9 [http://34.132.28.53:82/api/util/echo]
[2022.10.06-02.33.25:929][835]LogCoreSDK: Error: Failed to recv data from game cluster region us-central: 9 [http://34.132.28.53:82/api/util/echo]
[2022.10.06-02.33.57:787][ 28]LogCoreSDK: Error: Failed to recv data from game cluster region eu-west: 9 [http://34.141.177.24:82/api/util/echo]
[2022.10.06-02.34.00:375][126]LogCoreSDK: Error: Failed to recv data from game cluster region eu-west: 9 [http://34.141.177.24:82/api/util/echo]
[2022.10.06-02.34.02:294][199]LogCoreSDK: Error: Failed to recv data from game cluster region eu-west: 9 [http://34.141.177.24:82/api/util/echo]
[2022.10.06-02.34.04:498][282]LogCoreSDK: Error: Failed to recv data from game cluster region us-central: 9 [http://34.132.28.53:82/api/util/echo]
[2022.10.06-02.34.07:499][396]LogCoreSDK: Error: Failed to recv data from game cluster region us-central: 9 [http://34.132.28.53:82/api/util/echo]
[2022.10.06-02.34.40:385][643]LogCoreSDK: Error: Failed to recv data from game cluster region eu-west: 9 [http://34.141.177.24:82/api/util/echo]
[2022.10.06-02.34.44:432][795]LogCoreSDK: Error: Failed to recv data from game cluster region eu-west: 9 [http://34.141.177.24:82/api/util/echo]
[2022.10.06-02.34.49:087][970]LogCoreSDK: Error: Failed to recv data from game cluster region us-central: 9 [http://34.132.28.53:82/api/util/echo]
[2022.10.06-02.34.53:209][124]LogCoreSDK: Error: Failed to recv data from game cluster region us-central: 9 [http://34.132.28.53:82/api/util/echo]
[2022.10.06-02.35.25:883][367]LogCoreSDK: Error: Failed to recv data from game cluster region eu-west: 9 [http://34.141.177.24:82/api/util/echo]
[2022.10.06-02.35.32:506][614]LogCoreSDK: Error: Failed to recv data from game cluster region us-central: 9 [http://34.132.28.53:82/api/util/echo]
[2022.10.06-02.35.35:415][726]LogCoreSDK: Error: Failed to recv data from game cluster region us-central: 9 [http://34.132.28.53:82/api/util/echo]
[2022.10.06-02.44.21:268][901]LogCoreSDK: Error: Failed to recv data from game cluster region eu-west: 9 [http://34.141.177.24:82/api/util/echo]
[2022.10.06-02.44.26:271][107]LogCoreSDK: Error: Failed to recv data from game cluster region us-central: 9 [http://34.132.28.53:82/api/util/echo]
[2022.10.06-02.45.02:290][607]LogCoreSDK: Error: Failed to recv data from game cluster region us-central: 9 [http://34.132.28.53:82/api/util/echo]
[2022.10.06-02.45.54:731][766]LogHttp: Warning: 000001B8879809A0: invalid HTTP response code received. URL: https://www.coregames.com/api/Analytics/event_drop, HTTP code: 0, content length: 0, actual payload size: 0
[2022.10.06-02.45.54:731][766]LogHttp: Warning: 000001B8879809A0: request failed, libcurl error: 0 (No error)
[2022.10.06-02.45.54:732][766]LogHttp: Warning: 000001B8879809A0: libcurl info message cache 0 (Connection 81 seems to be dead!)
[2022.10.06-02.45.54:732][766]LogHttp: Warning: 000001B8879809A0: libcurl info message cache 1 (Closing connection 81)
[2022.10.06-02.45.54:732][766]LogHttp: Warning: 000001B8879809A0: libcurl info message cache 2 (TLSv1.2 (OUT), TLS alert, Client hello (1):)
[2022.10.06-02.45.54:732][766]LogHttp: Warning: 000001B8879809A0: libcurl info message cache 3 (Found bundle for host www.coregames.com: 0x1b866221870 [can pipeline])
[2022.10.06-02.45.54:732][766]LogHttp: Warning: 000001B8879809A0: libcurl info message cache 4 (Re-using existing connection! (#78) with host www.coregames.com)
[2022.10.06-02.45.54:732][766]LogHttp: Warning: 000001B8879809A0: libcurl info message cache 5 (Connected to www.coregames.com (20.69.134.17) port 443 (#78))
[2022.10.06-02.45.54:732][766]LogHttp: Warning: 000001B8879809A0: libcurl info message cache 6 (We are completely uploaded and fine)
[2022.10.06-02.45.54:732][766]LogHttp: Warning: 000001B8879809A0: libcurl info message cache 7 (TLSv1.2 (IN), TLS alert, Client hello (1):)
[2022.10.06-02.45.54:732][766]LogHttp: Warning: 000001B8879809A0: libcurl info message cache 8 (Connection died, retrying a fresh connect)
[2022.10.06-02.45.54:732][766]LogHttp: Warning: 000001B8879809A0: libcurl info message cache 9 (necessary data rewind wasn't possible)
[2022.10.06-02.45.54:732][766]LogHttp: Warning: 000001B8879809A0: libcurl info message cache 10 (Closing connection 78)
[2022.10.06-02.45.54:732][766]LogHttp: Warning: 000001B8879809A0: libcurl info message cache 11 (TLSv1.2 (OUT), TLS alert, Client hello (1):)
[2022.10.06-02.45.54:758][767]LogHttp: Warning: Retry exhausted on https://www.coregames.com/api/Analytics/event_drop
[2022.10.06-02.45.54:758][767]LogCoreSDK: Error: Request failed: Url: https://www.coregames.com/api/Analytics/event_drop Post; Error: Request failed Request: REDACTED Response: REDACTED - RESPONSE CODE: -1
[2022.10.06-02.49.11:777][ 45]PlatformScriptOutput: Warning: Warning: [2DF88850852E7054] NPCAIServer:771 CoreObject.networkedPropertyChangedEvent is deprecated.  Please use CoreObject.customPropertyChangedEvent instead.
[2022.10.06-02.49.11:778][ 45]PlatformScriptOutput: Warning: Warning: [6B047322B57B516F] NPCAttackServer:158 CoreObject:SetNetworkedCustomProperty() is deprecated. Please use CoreObject:SetCustomProperty() instead.
[2022.10.06-02.49.11:779][ 45]PlatformScriptOutput: Warning: Warning: [06208344FDA1EF5B] MovementClient:56 Player.bindingPressedEvent is deprecated. Please use Input.actionPressedEvent instead, but note that it does not use the same binding names.
[2022.10.06-02.49.11:779][ 45]PlatformScriptOutput: Warning: Warning: [06208344FDA1EF5B] MovementClient:57 Player.bindingReleasedEvent is deprecated. Please use Input.actionReleasedEvent instead, but note that it does not use the same binding names.
[2022.10.06-02.49.11:781][ 45]PlatformScriptOutput: Warning: Warning: [06208344FDA1EF5B] MovementClient:56 Player.bindingPressedEvent is deprecated. Please use Input.actionPressedEvent instead, but note that it does not use the same binding names.
[2022.10.06-02.49.11:781][ 45]PlatformScriptOutput: Warning: Warning: [06208344FDA1EF5B] MovementClient:57 Player.bindingReleasedEvent is deprecated. Please use Input.actionReleasedEvent instead, but note that it does not use the same binding names.
[2022.10.06-02.49.11:781][ 45]PlatformScriptOutput: Warning: Warning: [06208344FDA1EF5B] MovementClient:56 Player.bindingPressedEvent is deprecated. Please use Input.actionPressedEvent instead, but note that it does not use the same binding names.
[2022.10.06-02.49.11:781][ 45]PlatformScriptOutput: Warning: Warning: [06208344FDA1EF5B] MovementClient:57 Player.bindingReleasedEvent is deprecated. Please use Input.actionReleasedEvent instead, but note that it does not use the same binding names.
[2022.10.06-02.49.11:782][ 45]PlatformScriptOutput: Warning: Warning: [06208344FDA1EF5B] MovementClient:56 Player.bindingPressedEvent is deprecated. Please use Input.actionPressedEvent instead, but note that it does not use the same binding names.
[2022.10.06-02.49.11:782][ 45]PlatformScriptOutput: Warning: Warning: [06208344FDA1EF5B] MovementClient:57 Player.bindingReleasedEvent is deprecated. Please use Input.actionReleasedEvent instead, but note that it does not use the same binding names.
[2022.10.06-02.49.11:783][ 45]PlatformScriptOutput: Warning: Warning: [8A6D8BE9F2F5251F] NPCAIClient:83 CoreObject.networkedPropertyChangedEvent is deprecated.  Please use CoreObject.customPropertyChangedEvent instead.
[2022.10.06-02.49.11:791][ 45]PlatformScriptOutput: Warning: Warning: [07F84F555BE5D919] NPCAttackClient:36 CoreObject.networkedPropertyChangedEvent is deprecated.  Please use CoreObject.customPropertyChangedEvent instead.
[2022.10.06-02.49.11:793][ 45]PlatformScriptOutput: Warning: Warning: [3228858E74BA748D] AnimControllerRaptor:130 CoreObject.networkedPropertyChangedEvent is deprecated.  Please use CoreObject.customPropertyChangedEvent instead.
[2022.10.06-02.54.29:497][372]LogCoreSDK: Error: Failed to recv data from game cluster region eu-west: 9 [http://34.141.177.24:82/api/util/echo]
[2022.10.06-02.55.44:856][102]LogCoreSDK: Error: Failed to recv data from game cluster region eu-west: 9 [http://34.141.177.24:82/api/util/echo]
[2022.10.06-02.56.21:761][448]LogCoreSDK: Error: Failed to recv data from game cluster region eu-west: 9 [http://34.141.177.24:82/api/util/echo]
[2022.10.06-02.56.23:503][512]LogCoreSDK: Error: Failed to recv data from game cluster region us-central: 9 [http://34.132.28.53:82/api/util/echo]
[2022.10.06-02.57.35:419][199]LogCoreSDK: Error: Failed to recv data from game cluster region us-central: 9 [http://34.132.28.53:82/api/util/echo]
[2022.10.06-02.59.55:464][851]LogCoreSDK: Error: Failed to recv data from game cluster region eu-west: 9 [http://34.141.177.24:82/api/util/echo]
[2022.10.06-02.59.57:033][913]LogCoreSDK: Error: Failed to recv data from game cluster region eu-west: 9 [http://34.141.177.24:82/api/util/echo]
[2022.10.06-03.00.36:098][474]LogCoreSDK: Error: Failed to recv data from game cluster region us-central: 9 [http://34.132.28.53:82/api/util/echo]
[2022.10.06-03.02.40:233][515]PlatformScriptOutput: Warning: Warning: [2DF88850852E7054] NPCAIServer:771 CoreObject.networkedPropertyChangedEvent is deprecated.  Please use CoreObject.customPropertyChangedEvent instead.
[2022.10.06-03.02.40:234][515]PlatformScriptOutput: Warning: Warning: [6B047322B57B516F] NPCAttackServer:158 CoreObject:SetNetworkedCustomProperty() is deprecated. Please use CoreObject:SetCustomProperty() instead.
[2022.10.06-03.02.40:235][515]PlatformScriptOutput: Warning: Warning: [06208344FDA1EF5B] MovementClient:56 Player.bindingPressedEvent is deprecated. Please use Input.actionPressedEvent instead, but note that it does not use the same binding names.
[2022.10.06-03.02.40:235][515]PlatformScriptOutput: Warning: Warning: [06208344FDA1EF5B] MovementClient:57 Player.bindingReleasedEvent is deprecated. Please use Input.actionReleasedEvent instead, but note that it does not use the same binding names.
[2022.10.06-03.02.40:238][515]PlatformScriptOutput: Warning: Warning: [06208344FDA1EF5B] MovementClient:56 Player.bindingPressedEvent is deprecated. Please use Input.actionPressedEvent instead, but note that it does not use the same binding names.
[2022.10.06-03.02.40:238][515]PlatformScriptOutput: Warning: Warning: [06208344FDA1EF5B] MovementClient:57 Player.bindingReleasedEvent is deprecated. Please use Input.actionReleasedEvent instead, but note that it does not use the same binding names.
[2022.10.06-03.02.40:238][515]PlatformScriptOutput: Warning: Warning: [06208344FDA1EF5B] MovementClient:56 Player.bindingPressedEvent is deprecated. Please use Input.actionPressedEvent instead, but note that it does not use the same binding names.
[2022.10.06-03.02.40:238][515]PlatformScriptOutput: Warning: Warning: [06208344FDA1EF5B] MovementClient:57 Player.bindingReleasedEvent is deprecated. Please use Input.actionReleasedEvent instead, but note that it does not use the same binding names.
[2022.10.06-03.02.40:238][515]PlatformScriptOutput: Warning: Warning: [06208344FDA1EF5B] MovementClient:56 Player.bindingPressedEvent is deprecated. Please use Input.actionPressedEvent instead, but note that it does not use the same binding names.
[2022.10.06-03.02.40:238][515]PlatformScriptOutput: Warning: Warning: [06208344FDA1EF5B] MovementClient:57 Player.bindingReleasedEvent is deprecated. Please use Input.actionReleasedEvent instead, but note that it does not use the same binding names.
[2022.10.06-03.02.40:242][515]PlatformScriptOutput: Warning: Warning: [8A6D8BE9F2F5251F] NPCAIClient:83 CoreObject.networkedPropertyChangedEvent is deprecated.  Please use CoreObject.customPropertyChangedEvent instead.
[2022.10.06-03.02.40:254][515]PlatformScriptOutput: Warning: Warning: [07F84F555BE5D919] NPCAttackClient:36 CoreObject.networkedPropertyChangedEvent is deprecated.  Please use CoreObject.customPropertyChangedEvent instead.
[2022.10.06-03.02.40:256][515]PlatformScriptOutput: Warning: Warning: [3228858E74BA748D] AnimControllerRaptor:130 CoreObject.networkedPropertyChangedEvent is deprecated.  Please use CoreObject.customPropertyChangedEvent instead.
[2022.10.06-03.06.05:440][586]LogCoreSDK: Error: Failed to recv data from game cluster region eu-west: 9 [http://34.141.177.24:82/api/util/echo]
[2022.10.06-03.06.08:680][714]LogCoreSDK: Error: Failed to recv data from game cluster region us-central: 9 [http://34.132.28.53:82/api/util/echo]
[2022.10.06-03.06.19:366][ 97]PlatformScriptOutput: Warning: Warning: [2DF88850852E7054] NPCAIServer:771 CoreObject.networkedPropertyChangedEvent is deprecated.  Please use CoreObject.customPropertyChangedEvent instead.
[2022.10.06-03.06.19:367][ 97]PlatformScriptOutput: Warning: Warning: [6B047322B57B516F] NPCAttackServer:158 CoreObject:SetNetworkedCustomProperty() is deprecated. Please use CoreObject:SetCustomProperty() instead.
[2022.10.06-03.06.19:368][ 97]PlatformScriptOutput: Warning: Warning: [06208344FDA1EF5B] MovementClient:56 Player.bindingPressedEvent is deprecated. Please use Input.actionPressedEvent instead, but note that it does not use the same binding names.
[2022.10.06-03.06.19:369][ 97]PlatformScriptOutput: Warning: Warning: [06208344FDA1EF5B] MovementClient:57 Player.bindingReleasedEvent is deprecated. Please use Input.actionReleasedEvent instead, but note that it does not use the same binding names.
[2022.10.06-03.06.19:372][ 97]PlatformScriptOutput: Warning: Warning: [06208344FDA1EF5B] MovementClient:56 Player.bindingPressedEvent is deprecated. Please use Input.actionPressedEvent instead, but note that it does not use the same binding names.
[2022.10.06-03.06.19:372][ 97]PlatformScriptOutput: Warning: Warning: [06208344FDA1EF5B] MovementClient:57 Player.bindingReleasedEvent is deprecated. Please use Input.actionReleasedEvent instead, but note that it does not use the same binding names.
[2022.10.06-03.06.19:372][ 97]PlatformScriptOutput: Warning: Warning: [06208344FDA1EF5B] MovementClient:56 Player.bindingPressedEvent is deprecated. Please use Input.actionPressedEvent instead, but note that it does not use the same binding names.
[2022.10.06-03.06.19:372][ 97]PlatformScriptOutput: Warning: Warning: [06208344FDA1EF5B] MovementClient:57 Player.bindingReleasedEvent is deprecated. Please use Input.actionReleasedEvent instead, but note that it does not use the same binding names.
[2022.10.06-03.06.19:372][ 97]PlatformScriptOutput: Warning: Warning: [06208344FDA1EF5B] MovementClient:56 Player.bindingPressedEvent is deprecated. Please use Input.actionPressedEvent instead, but note that it does not use the same binding names.
[2022.10.06-03.06.19:372][ 97]PlatformScriptOutput: Warning: Warning: [06208344FDA1EF5B] MovementClient:57 Player.bindingReleasedEvent is deprecated. Please use Input.actionReleasedEvent instead, but note that it does not use the same binding names.
[2022.10.06-03.06.19:375][ 97]PlatformScriptOutput: Warning: Warning: [8A6D8BE9F2F5251F] NPCAIClient:83 CoreObject.networkedPropertyChangedEvent is deprecated.  Please use CoreObject.customPropertyChangedEvent instead.
[2022.10.06-03.06.19:388][ 97]PlatformScriptOutput: Warning: Warning: [07F84F555BE5D919] NPCAttackClient:36 CoreObject.networkedPropertyChangedEvent is deprecated.  Please use CoreObject.customPropertyChangedEvent instead.
[2022.10.06-03.06.19:391][ 97]PlatformScriptOutput: Warning: Warning: [3228858E74BA748D] AnimControllerRaptor:130 CoreObject.networkedPropertyChangedEvent is deprecated.  Please use CoreObject.customPropertyChangedEvent instead.
[2022.10.06-03.06.46:914][ 81]LogCoreSDK: Error: Failed to recv data from game cluster region us-central: 9 [http://34.132.28.53:82/api/util/echo]
[2022.10.06-03.07.10:946][ 51]PlatformScriptOutput: Warning: Warning: [2DF88850852E7054] NPCAIServer:771 CoreObject.networkedPropertyChangedEvent is deprecated.  Please use CoreObject.customPropertyChangedEvent instead.
[2022.10.06-03.07.10:946][ 51]PlatformScriptOutput: Warning: Warning: [6B047322B57B516F] NPCAttackServer:158 CoreObject:SetNetworkedCustomProperty() is deprecated. Please use CoreObject:SetCustomProperty() instead.
[2022.10.06-03.07.10:948][ 51]PlatformScriptOutput: Warning: Warning: [06208344FDA1EF5B] MovementClient:56 Player.bindingPressedEvent is deprecated. Please use Input.actionPressedEvent instead, but note that it does not use the same binding names.
[2022.10.06-03.07.10:948][ 51]PlatformScriptOutput: Warning: Warning: [06208344FDA1EF5B] MovementClient:57 Player.bindingReleasedEvent is deprecated. Please use Input.actionReleasedEvent instead, but note that it does not use the same binding names.
[2022.10.06-03.07.10:951][ 51]PlatformScriptOutput: Warning: Warning: [06208344FDA1EF5B] MovementClient:56 Player.bindingPressedEvent is deprecated. Please use Input.actionPressedEvent instead, but note that it does not use the same binding names.
[2022.10.06-03.07.10:951][ 51]PlatformScriptOutput: Warning: Warning: [06208344FDA1EF5B] MovementClient:57 Player.bindingReleasedEvent is deprecated. Please use Input.actionReleasedEvent instead, but note that it does not use the same binding names.
[2022.10.06-03.07.10:951][ 51]PlatformScriptOutput: Warning: Warning: [06208344FDA1EF5B] MovementClient:56 Player.bindingPressedEvent is deprecated. Please use Input.actionPressedEvent instead, but note that it does not use the same binding names.
[2022.10.06-03.07.10:951][ 51]PlatformScriptOutput: Warning: Warning: [06208344FDA1EF5B] MovementClient:57 Player.bindingReleasedEvent is deprecated. Please use Input.actionReleasedEvent instead, but note that it does not use the same binding names.
[2022.10.06-03.07.10:952][ 51]PlatformScriptOutput: Warning: Warning: [06208344FDA1EF5B] MovementClient:56 Player.bindingPressedEvent is deprecated. Please use Input.actionPressedEvent instead, but note that it does not use the same binding names.
[2022.10.06-03.07.10:952][ 51]PlatformScriptOutput: Warning: Warning: [06208344FDA1EF5B] MovementClient:57 Player.bindingReleasedEvent is deprecated. Please use Input.actionReleasedEvent instead, but note that it does not use the same binding names.
[2022.10.06-03.07.10:954][ 51]PlatformScriptOutput: Warning: Warning: [8A6D8BE9F2F5251F] NPCAIClient:83 CoreObject.networkedPropertyChangedEvent is deprecated.  Please use CoreObject.customPropertyChangedEvent instead.
[2022.10.06-03.07.10:966][ 51]PlatformScriptOutput: Warning: Warning: [07F84F555BE5D919] NPCAttackClient:36 CoreObject.networkedPropertyChangedEvent is deprecated.  Please use CoreObject.customPropertyChangedEvent instead.
[2022.10.06-03.07.10:968][ 51]PlatformScriptOutput: Warning: Warning: [3228858E74BA748D] AnimControllerRaptor:130 CoreObject.networkedPropertyChangedEvent is deprecated.  Please use CoreObject.customPropertyChangedEvent instead.
[2022.10.06-03.07.22:799][484]LogCoreSDK: Error: Failed to recv data from game cluster region us-central: 9 [http://34.132.28.53:82/api/util/echo]
[2022.10.06-03.09.10:566][123]LogCoreSDK: Error: Failed to recv data from game cluster region eu-west: 9 [http://34.141.177.24:82/api/util/echo]
[2022.10.06-03.09.37:006][990]PlatformScriptOutput: Warning: Warning: [2DF88850852E7054] NPCAIServer:771 CoreObject.networkedPropertyChangedEvent is deprecated.  Please use CoreObject.customPropertyChangedEvent instead.
[2022.10.06-03.09.37:006][990]PlatformScriptOutput: Warning: Warning: [6B047322B57B516F] NPCAttackServer:158 CoreObject:SetNetworkedCustomProperty() is deprecated. Please use CoreObject:SetCustomProperty() instead.
[2022.10.06-03.09.37:008][990]PlatformScriptOutput: Warning: Warning: [06208344FDA1EF5B] MovementClient:56 Player.bindingPressedEvent is deprecated. Please use Input.actionPressedEvent instead, but note that it does not use the same binding names.
[2022.10.06-03.09.37:008][990]PlatformScriptOutput: Warning: Warning: [06208344FDA1EF5B] MovementClient:57 Player.bindingReleasedEvent is deprecated. Please use Input.actionReleasedEvent instead, but note that it does not use the same binding names.
[2022.10.06-03.09.37:010][990]PlatformScriptOutput: Warning: Warning: [06208344FDA1EF5B] MovementClient:56 Player.bindingPressedEvent is deprecated. Please use Input.actionPressedEvent instead, but note that it does not use the same binding names.
[2022.10.06-03.09.37:011][990]PlatformScriptOutput: Warning: Warning: [06208344FDA1EF5B] MovementClient:57 Player.bindingReleasedEvent is deprecated. Please use Input.actionReleasedEvent instead, but note that it does not use the same binding names.
[2022.10.06-03.09.37:011][990]PlatformScriptOutput: Warning: Warning: [06208344FDA1EF5B] MovementClient:56 Player.bindingPressedEvent is deprecated. Please use Input.actionPressedEvent instead, but note that it does not use the same binding names.
[2022.10.06-03.09.37:011][990]PlatformScriptOutput: Warning: Warning: [06208344FDA1EF5B] MovementClient:57 Player.bindingReleasedEvent is deprecated. Please use Input.actionReleasedEvent instead, but note that it does not use the same binding names.
[2022.10.06-03.09.37:011][990]PlatformScriptOutput: Warning: Warning: [06208344FDA1EF5B] MovementClient:56 Player.bindingPressedEvent is deprecated. Please use Input.actionPressedEvent instead, but note that it does not use the same binding names.
[2022.10.06-03.09.37:011][990]PlatformScriptOutput: Warning: Warning: [06208344FDA1EF5B] MovementClient:57 Player.bindingReleasedEvent is deprecated. Please use Input.actionReleasedEvent instead, but note that it does not use the same binding names.
[2022.10.06-03.09.37:014][990]PlatformScriptOutput: Warning: Warning: [8A6D8BE9F2F5251F] NPCAIClient:83 CoreObject.networkedPropertyChangedEvent is deprecated.  Please use CoreObject.customPropertyChangedEvent instead.
[2022.10.06-03.09.37:026][990]PlatformScriptOutput: Warning: Warning: [07F84F555BE5D919] NPCAttackClient:36 CoreObject.networkedPropertyChangedEvent is deprecated.  Please use CoreObject.customPropertyChangedEvent instead.
[2022.10.06-03.09.37:029][990]PlatformScriptOutput: Warning: Warning: [3228858E74BA748D] AnimControllerRaptor:130 CoreObject.networkedPropertyChangedEvent is deprecated.  Please use CoreObject.customPropertyChangedEvent instead.
[2022.10.06-03.10.58:575][743]LogCoreSDK: Error: Failed to recv data from game cluster region us-central: 9 [http://34.132.28.53:82/api/util/echo]
[2022.10.06-03.12.11:420][497]LogCoreSDK: Error: Failed to recv data from game cluster region us-central: 9 [http://34.132.28.53:82/api/util/echo]
[2022.10.06-03.13.18:155][332]LogCoreSDK: Error: Failed to recv data from game cluster region eu-west: 9 [http://34.141.177.24:82/api/util/echo]
[2022.10.06-03.13.22:393][507]LogCoreSDK: Error: Failed to recv data from game cluster region us-central: 9 [http://34.132.28.53:82/api/util/echo]
[2022.10.06-03.14.14:052][683]PlatformScriptOutput: Warning: Warning: [2DF88850852E7054] NPCAIServer:771 CoreObject.networkedPropertyChangedEvent is deprecated.  Please use CoreObject.customPropertyChangedEvent instead.
[2022.10.06-03.14.14:053][683]PlatformScriptOutput: Warning: Warning: [6B047322B57B516F] NPCAttackServer:158 CoreObject:SetNetworkedCustomProperty() is deprecated. Please use CoreObject:SetCustomProperty() instead.
[2022.10.06-03.14.14:054][683]PlatformScriptOutput: Warning: Warning: [06208344FDA1EF5B] MovementClient:56 Player.bindingPressedEvent is deprecated. Please use Input.actionPressedEvent instead, but note that it does not use the same binding names.
[2022.10.06-03.14.14:055][683]PlatformScriptOutput: Warning: Warning: [06208344FDA1EF5B] MovementClient:57 Player.bindingReleasedEvent is deprecated. Please use Input.actionReleasedEvent instead, but note that it does not use the same binding names.
[2022.10.06-03.14.14:057][683]PlatformScriptOutput: Warning: Warning: [06208344FDA1EF5B] MovementClient:56 Player.bindingPressedEvent is deprecated. Please use Input.actionPressedEvent instead, but note that it does not use the same binding names.
[2022.10.06-03.14.14:057][683]PlatformScriptOutput: Warning: Warning: [06208344FDA1EF5B] MovementClient:57 Player.bindingReleasedEvent is deprecated. Please use Input.actionReleasedEvent instead, but note that it does not use the same binding names.
[2022.10.06-03.14.14:057][683]PlatformScriptOutput: Warning: Warning: [06208344FDA1EF5B] MovementClient:56 Player.bindingPressedEvent is deprecated. Please use Input.actionPressedEvent instead, but note that it does not use the same binding names.
[2022.10.06-03.14.14:057][683]PlatformScriptOutput: Warning: Warning: [06208344FDA1EF5B] MovementClient:57 Player.bindingReleasedEvent is deprecated. Please use Input.actionReleasedEvent instead, but note that it does not use the same binding names.
[2022.10.06-03.14.14:057][683]PlatformScriptOutput: Warning: Warning: [06208344FDA1EF5B] MovementClient:56 Player.bindingPressedEvent is deprecated. Please use Input.actionPressedEvent instead, but note that it does not use the same binding names.
[2022.10.06-03.14.14:058][683]PlatformScriptOutput: Warning: Warning: [06208344FDA1EF5B] MovementClient:57 Player.bindingReleasedEvent is deprecated. Please use Input.actionReleasedEvent instead, but note that it does not use the same binding names.
[2022.10.06-03.14.14:060][683]PlatformScriptOutput: Warning: Warning: [8A6D8BE9F2F5251F] NPCAIClient:83 CoreObject.networkedPropertyChangedEvent is deprecated.  Please use CoreObject.customPropertyChangedEvent instead.
[2022.10.06-03.14.14:072][683]PlatformScriptOutput: Warning: Warning: [07F84F555BE5D919] NPCAttackClient:36 CoreObject.networkedPropertyChangedEvent is deprecated.  Please use CoreObject.customPropertyChangedEvent instead.
[2022.10.06-03.14.14:075][683]PlatformScriptOutput: Warning: Warning: [3228858E74BA748D] AnimControllerRaptor:130 CoreObject.networkedPropertyChangedEvent is deprecated.  Please use CoreObject.customPropertyChangedEvent instead.
[2022.10.06-03.15.27:282][359]LogHttp: Warning: 000001B8D7FD2500: invalid HTTP response code received. URL: https://www.coregames.com/api/Analytics/event_drop, HTTP code: 0, content length: 0, actual payload size: 0
[2022.10.06-03.15.27:282][359]LogHttp: Warning: 000001B8D7FD2500: request failed, libcurl error: 0 (No error)
[2022.10.06-03.15.27:282][359]LogHttp: Warning: 000001B8D7FD2500: libcurl info message cache 0 (Found bundle for host www.coregames.com: 0x1b866221870 [can pipeline])
[2022.10.06-03.15.27:282][359]LogHttp: Warning: 000001B8D7FD2500: libcurl info message cache 1 (Re-using existing connection! (#112) with host www.coregames.com)
[2022.10.06-03.15.27:282][359]LogHttp: Warning: 000001B8D7FD2500: libcurl info message cache 2 (Connected to www.coregames.com (20.69.134.17) port 443 (#112))
[2022.10.06-03.15.27:282][359]LogHttp: Warning: 000001B8D7FD2500: libcurl info message cache 3 (We are completely uploaded and fine)
[2022.10.06-03.15.27:282][359]LogHttp: Warning: 000001B8D7FD2500: libcurl info message cache 4 (TLSv1.2 (IN), TLS alert, Client hello (1):)
[2022.10.06-03.15.27:282][359]LogHttp: Warning: 000001B8D7FD2500: libcurl info message cache 5 (Connection died, retrying a fresh connect)
[2022.10.06-03.15.27:282][359]LogHttp: Warning: 000001B8D7FD2500: libcurl info message cache 6 (necessary data rewind wasn't possible)
[2022.10.06-03.15.27:282][359]LogHttp: Warning: 000001B8D7FD2500: libcurl info message cache 7 (Closing connection 112)
[2022.10.06-03.15.27:282][359]LogHttp: Warning: 000001B8D7FD2500: libcurl info message cache 8 (TLSv1.2 (OUT), TLS alert, Client hello (1):)
[2022.10.06-03.15.27:358][362]LogHttp: Warning: Retry exhausted on https://www.coregames.com/api/Analytics/event_drop
[2022.10.06-03.15.27:358][362]LogCoreSDK: Error: Request failed: Url: https://www.coregames.com/api/Analytics/event_drop Post; Error: Request failed Request: REDACTED Response: REDACTED - RESPONSE CODE: -1
[2022.10.06-03.16.58:107][ 75]LogCoreSDK: Error: Failed to recv data from game cluster region us-central: 9 [http://34.132.28.53:82/api/util/echo]
[2022.10.06-03.17.31:887][479]LogCoreSDK: Error: Failed to recv data from game cluster region eu-west: 9 [http://34.141.177.24:82/api/util/echo]
[2022.10.06-03.18.11:963][ 17]LogHttp: Warning: 000001B8DB520080: invalid HTTP response code received. URL: https://www.coregames.com/api/Analytics/event_drop, HTTP code: 0, content length: 0, actual payload size: 0
[2022.10.06-03.18.11:963][ 17]LogHttp: Warning: 000001B8DB520080: request failed, libcurl error: 35 (SSL connect error)
[2022.10.06-03.18.11:963][ 17]LogHttp: Warning: 000001B8DB520080: libcurl info message cache 0 (Found bundle for host www.coregames.com: 0x1b866221870 [can pipeline])
[2022.10.06-03.18.11:963][ 17]LogHttp: Warning: 000001B8DB520080: libcurl info message cache 1 (Hostname 'www.coregames.com' was found in DNS cache)
[2022.10.06-03.18.11:963][ 17]LogHttp: Warning: 000001B8DB520080: libcurl info message cache 2 (  Trying 20.69.134.17...)
[2022.10.06-03.18.11:963][ 17]LogHttp: Warning: 000001B8DB520080: libcurl info message cache 3 (TCP_NODELAY set)
[2022.10.06-03.18.11:963][ 17]LogHttp: Warning: 000001B8DB520080: libcurl info message cache 4 (Connected to www.coregames.com (20.69.134.17) port 443 (#117))
[2022.10.06-03.18.11:963][ 17]LogHttp: Warning: 000001B8DB520080: libcurl info message cache 5 (ALPN, offering http/1.1)
[2022.10.06-03.18.11:963][ 17]LogHttp: Warning: 000001B8DB520080: libcurl info message cache 6 (Cipher selection: ALL:!EXPORT:!EXPORT40:!EXPORT56:!aNULL:!LOW:!RC4:@STRENGTH)
[2022.10.06-03.18.11:963][ 17]LogHttp: Warning: 000001B8DB520080: libcurl info message cache 7 (SSL re-using session ID)
[2022.10.06-03.18.11:963][ 17]LogHttp: Warning: 000001B8DB520080: libcurl info message cache 8 (TLSv1.3 (OUT), TLS handshake, Client hello (1):)
[2022.10.06-03.18.11:963][ 17]LogHttp: Warning: 000001B8DB520080: libcurl info message cache 9 (OpenSSL SSL_connect: SSL_ERROR_SYSCALL in connection to www.coregames.com:443 )
[2022.10.06-03.18.11:963][ 17]LogHttp: Warning: 000001B8DB520080: libcurl info message cache 10 (Closing connection 117)
[2022.10.06-03.18.12:023][ 19]LogHttp: Warning: Retry exhausted on https://www.coregames.com/api/Analytics/event_drop
[2022.10.06-03.18.12:023][ 19]LogCoreSDK: Error: Request failed: Url: https://www.coregames.com/api/Analytics/event_drop Post; Error: Request failed Request: REDACTED Response: REDACTED - RESPONSE CODE: -1
[2022.10.06-03.18.13:848][ 79]LogCoreSDK: Error: Failed to recv data from game cluster region eu-west: 9 [http://34.141.177.24:82/api/util/echo]
[2022.10.06-03.18.21:653][347]LogCoreSDK: Error: Failed to recv data from game cluster region eu-west: 9 [http://34.141.177.24:82/api/util/echo]
[2022.10.06-03.18.21:835][353]LogHttp: Warning: 000001B8BC9C7290: invalid HTTP response code received. URL: https://www.coregames.com/api/Store/wallet, HTTP code: 0, content length: 0, actual payload size: 0
[2022.10.06-03.18.21:835][353]LogHttp: Warning: 000001B8BC9C7290: request failed, libcurl error: 35 (SSL connect error)
[2022.10.06-03.18.21:835][353]LogHttp: Warning: 000001B8BC9C7290: libcurl info message cache 0 (Found bundle for host www.coregames.com: 0x1b866221870 [can pipeline])
[2022.10.06-03.18.21:835][353]LogHttp: Warning: 000001B8BC9C7290: libcurl info message cache 1 (Hostname www.coregames.com was found in DNS cache)
[2022.10.06-03.18.21:836][353]LogHttp: Warning: 000001B8BC9C7290: libcurl info message cache 2 (  Trying 20.69.134.17...)
[2022.10.06-03.18.21:836][353]LogHttp: Warning: 000001B8BC9C7290: libcurl info message cache 3 (TCP_NODELAY set)
[2022.10.06-03.18.21:836][353]LogHttp: Warning: 000001B8BC9C7290: libcurl info message cache 4 (Connected to www.coregames.com (20.69.134.17) port 443 (#118))
[2022.10.06-03.18.21:836][353]LogHttp: Warning: 000001B8BC9C7290: libcurl info message cache 5 (ALPN, offering http/1.1)
[2022.10.06-03.18.21:836][353]LogHttp: Warning: 000001B8BC9C7290: libcurl info message cache 6 (Cipher selection: ALL:!EXPORT:!EXPORT40:!EXPORT56:!aNULL:!LOW:!RC4:@STRENGTH)
[2022.10.06-03.18.21:836][353]LogHttp: Warning: 000001B8BC9C7290: libcurl info message cache 7 (SSL re-using session ID)
[2022.10.06-03.18.21:836][353]LogHttp: Warning: 000001B8BC9C7290: libcurl info message cache 8 (TLSv1.3 (OUT), TLS handshake, Client hello (1):)
[2022.10.06-03.18.21:836][353]LogHttp: Warning: 000001B8BC9C7290: libcurl info message cache 9 (OpenSSL SSL_connect: SSL_ERROR_SYSCALL in connection to www.coregames.com:443 )
[2022.10.06-03.18.21:836][353]LogHttp: Warning: 000001B8BC9C7290: libcurl info message cache 10 (Closing connection 118)
[2022.10.06-03.18.21:862][354]LogHttp: Warning: Retry 1 on https://www.coregames.com/api/Store/wallet
[2022.10.06-03.18.22:905][390]LogHttp: Warning: Success on https://www.coregames.com/api/Store/wallet
[2022.10.06-03.18.23:255][402]LogCoreSDK: Error: Failed to recv data from game cluster region eu-west: 9 [http://34.141.177.24:82/api/util/echo]
[2022.10.06-03.18.23:255][402]LogCoreSDK: Error: Failed to connect to game cluster region us-central: 9 [http://34.132.28.53:82/api/util/echo]
[2022.10.06-03.18.23:255][402]LogCoreSDK: Error: Failed to connect to game cluster region us-central: 9 [http://34.132.28.53:82/api/util/echo]
[2022.10.06-03.18.23:255][402]LogCoreSDK: Error: Failed to connect to game cluster region us-central: 9 [http://34.132.28.53:82/api/util/echo]
[2022.10.06-03.18.35:264][774]LogNet: Browse: /Game/Levels/Main?closed
[2022.10.06-03.18.35:265][774]LogNet: Connection failed; returning to Entry
[2022.10.06-03.18.35:267][774]LogLoad: LoadMap: /Game/Levels/Main?closed
[2022.10.06-03.18.35:267][774]LogWorld: BeginTearingDown for /Game/Levels/CreateMap
[2022.10.06-03.18.35:268][774]LogNet: World NetDriver shutdown CoreNetDriver_4 [GameNetDriver]
[2022.10.06-03.18.35:268][774]LogNet: DestroyNamedNetDriver CoreNetDriver_4 [GameNetDriver]
[2022.10.06-03.18.35:269][774]LogExit: GameNetDriver CoreNetDriver_4 shut down
[2022.10.06-03.18.35:315][774]LogWorld: UWorld::CleanupWorld for CreateMap, bSessionEnded=true, bCleanupResources=true
[2022.10.06-03.18.35:776][774]LogLoad: Game class is 'bp_MainGameMode_C'
[2022.10.06-03.18.35:777][774]LogWorld: Bringing World /Game/Levels/Main.Main up for play (max tick rate 60) at 2022.10.06-10.18.35
[2022.10.06-03.18.35:778][774]LogWorld: Bringing up level for play took: 0.001112
[2022.10.06-03.18.36:391][774]LogLoad: Took 1.124140 seconds to LoadMap(/Game/Levels/Main)
[2022.10.06-03.18.36:415][775]LogNet: Browse: /Game/Levels/FrontEnd
[2022.10.06-03.18.36:415][775]LogLoad: LoadMap: /Game/Levels/FrontEnd
[2022.10.06-03.18.36:415][775]LogWorld: BeginTearingDown for /Game/Levels/Main
[2022.10.06-03.18.36:416][775]LogWorld: UWorld::CleanupWorld for Main, bSessionEnded=true, bCleanupResources=true
[2022.10.06-03.18.36:508][775]LogLoad: Game class is 'bp_FrontEndGameMode_C'
[2022.10.06-03.18.36:550][775]LogWorld: Bringing World /Game/Levels/FrontEnd.FrontEnd up for play (max tick rate 30) at 2022.10.06-10.18.36
[2022.10.06-03.18.36:550][775]LogWorld: Bringing up level for play took: 0.000533
[2022.10.06-03.18.36:553][775]LogLoad: Took 0.137585 seconds to LoadMap(/Game/Levels/FrontEnd)
[2022.10.06-03.18.40:483][851]LogRHI: Error: Present Fail Count 1
[2022.10.06-03.18.40:483][851]LogRHI: Error: SyncInterval 0
[2022.10.06-03.18.40:483][851]LogRHI: Error: SwapChainDesc.BufferDesc.Width 1920
[2022.10.06-03.18.40:483][851]LogRHI: Error: SwapChainDesc.BufferDesc.Height 1080
[2022.10.06-03.18.40:483][851]LogRHI: Error: SwapChainDesc.BufferDesc.RefreshRate.Numerator 0
[2022.10.06-03.18.40:483][851]LogRHI: Error: SwapChainDesc.BufferDesc.RefreshRate.Denominator 0
[2022.10.06-03.18.40:483][851]LogRHI: Error: SwapChainDesc.BufferDesc.Format 24
[2022.10.06-03.18.40:483][851]LogRHI: Error: SwapChainDesc.BufferDesc.ScanlineOrdering 0
[2022.10.06-03.18.40:483][851]LogRHI: Error: SwapChainDesc.BufferDesc.Scaling 0
[2022.10.06-03.18.40:483][851]LogRHI: Error: SwapChainDesc.SampleDesc.Count 1
[2022.10.06-03.18.40:483][851]LogRHI: Error: SwapChainDesc.SampleDesc.Quality 0
[2022.10.06-03.18.40:483][851]LogRHI: Error: SwapChainDesc.BufferUsage 48
[2022.10.06-03.18.40:483][851]LogRHI: Error: SwapChainDesc.BufferCount 2
[2022.10.06-03.18.40:483][851]LogRHI: Error: SwapChainDesc.OutputWindow 0000000000130DA2
[2022.10.06-03.18.40:483][851]LogRHI: Error: SwapChainDesc.Windowed true
[2022.10.06-03.18.40:483][851]LogRHI: Error: SwapChainDesc.SwapEffect 4
[2022.10.06-03.18.40:483][851]LogRHI: Error: SwapChainDesc.Flags 2050
[2022.10.06-03.18.41:993][878]Closing by request
[2022.10.06-03.18.41:993][878]LogExit: RequestExit(0, 0, 0000000005C33E15)
[2022.10.06-03.18.41:998][878]LogEngine: All Windows Closed
[2022.10.06-03.18.41:998][878]LogExit: RequestExit(0, 0, 0000000005C457EC)
[2022.10.06-03.18.42:443][879]LogInit: Display: PreExit Game.
[2022.10.06-03.18.42:446][879]LogWorld: BeginTearingDown for /Game/Levels/FrontEnd
[2022.10.06-03.18.42:554][879]LogWorld: UWorld::CleanupWorld for FrontEnd, bSessionEnded=true, bCleanupResources=true
[2022.10.06-03.18.42:555][879]LogWorld: UWorld::CleanupWorld for AvatarEditorLighting, bSessionEnded=true, bCleanupResources=true
[2022.10.06-03.18.42:555][879]LogWorld: UWorld::CleanupWorld for AvatarEditorLogic, bSessionEnded=true, bCleanupResources=true
[2022.10.06-03.18.43:038][879]LogExit: Preparing to exit.
[2022.10.06-03.18.43:201][879]LogExit: Game engine shut down
[2022.10.06-03.18.43:555][879]LogExit: Object subsystem successfully closed.
[2022.10.06-03.18.43:710][879]LogHttp: Display: cleaning up 0 outstanding Http requests.
[2022.10.06-03.18.43:776][879]LogD3D11RHI: Shutdown
[2022.10.06-03.18.43:776][879]LogD3D11RHI: CleanupD3DDevice
[2022.10.06-03.18.43:803][879]LogExit: Exiting.
[2022.10.06-03.18.43:818][879]Log file closed, 10/06/22 10:18:43
